{"D:\\智能看板\\logistics-backend\\src\\app.controller.ts": {"path":"D:\\智能看板\\logistics-backend\\src\\app.controller.ts","statementMap":{"0":{"start":{"line":1,"column":0},"end":{"line":1,"column":49}},"1":{"start":{"line":2,"column":0},"end":{"line":2,"column":43}},"2":{"start":{"line":5,"column":7},"end":{"line":28,"column":null}},"3":{"start":{"line":6,"column":31},"end":{"line":6,"column":43}},"4":{"start":{"line":10,"column":4},"end":{"line":10,"column":38}},"5":{"start":{"line":18,"column":4},"end":{"line":18,"column":44}},"6":{"start":{"line":26,"column":4},"end":{"line":26,"column":40}},"7":{"start":{"line":5,"column":13},"end":{"line":5,"column":26}},"8":{"start":{"line":9,"column":2},"end":{"line":11,"column":null}},"9":{"start":{"line":17,"column":8},"end":{"line":19,"column":null}},"10":{"start":{"line":25,"column":8},"end":{"line":27,"column":null}},"11":{"start":{"line":5,"column":13},"end":{"line":28,"column":null}}},"fnMap":{"0":{"name":"(anonymous_2)","decl":{"start":{"line":6,"column":2},"end":{"line":6,"column":31}},"loc":{"start":{"line":6,"column":53},"end":{"line":6,"column":57}}},"1":{"name":"(anonymous_3)","decl":{"start":{"line":9,"column":2},"end":{"line":9,"column":10}},"loc":{"start":{"line":9,"column":10},"end":{"line":11,"column":3}}},"2":{"name":"(anonymous_4)","decl":{"start":{"line":17,"column":8},"end":{"line":17,"column":22}},"loc":{"start":{"line":17,"column":22},"end":{"line":19,"column":3}}},"3":{"name":"(anonymous_5)","decl":{"start":{"line":25,"column":8},"end":{"line":25,"column":18}},"loc":{"start":{"line":25,"column":18},"end":{"line":27,"column":3}}}},"branchMap":{"0":{"loc":{"start":{"line":6,"column":43},"end":{"line":6,"column":56}},"type":"cond-expr","locations":[{"start":{"line":6,"column":53},"end":{"line":6,"column":56}},{"start":{"line":6,"column":53},"end":{"line":6,"column":56}}]},"1":{"loc":{"start":{"line":6,"column":43},"end":{"line":6,"column":53}},"type":"binary-expr","locations":[{"start":{"line":6,"column":43},"end":{"line":6,"column":56}},{"start":{"line":6,"column":43},"end":{"line":6,"column":53}}]}},"s":{"0":1,"1":1,"2":1,"3":0,"4":0,"5":0,"6":0,"7":1,"8":1,"9":1,"10":1,"11":1},"f":{"0":0,"1":0,"2":0,"3":0},"b":{"0":[1,0],"1":[1,1]}}
,"D:\\智能看板\\logistics-backend\\src\\app.module.ts": {"path":"D:\\智能看板\\logistics-backend\\src\\app.module.ts","statementMap":{"0":{"start":{"line":1,"column":0},"end":{"line":1,"column":40}},"1":{"start":{"line":2,"column":0},"end":{"line":2,"column":46}},"2":{"start":{"line":3,"column":0},"end":{"line":3,"column":48}},"3":{"start":{"line":4,"column":0},"end":{"line":4,"column":57}},"4":{"start":{"line":5,"column":0},"end":{"line":5,"column":28}},"5":{"start":{"line":6,"column":0},"end":{"line":6,"column":49}},"6":{"start":{"line":7,"column":0},"end":{"line":7,"column":43}},"7":{"start":{"line":8,"column":0},"end":{"line":8,"column":51}},"8":{"start":{"line":9,"column":0},"end":{"line":9,"column":54}},"9":{"start":{"line":10,"column":0},"end":{"line":10,"column":69}},"10":{"start":{"line":11,"column":0},"end":{"line":11,"column":48}},"11":{"start":{"line":12,"column":0},"end":{"line":12,"column":77}},"12":{"start":{"line":13,"column":0},"end":{"line":13,"column":54}},"13":{"start":{"line":14,"column":0},"end":{"line":14,"column":80}},"14":{"start":{"line":46,"column":7},"end":{"line":46,"column":null}},"15":{"start":{"line":46,"column":13},"end":{"line":46,"column":22}},"16":{"start":{"line":46,"column":13},"end":{"line":46,"column":null}}},"fnMap":{},"branchMap":{"0":{"loc":{"start":{"line":28,"column":21},"end":{"line":28,"column":50}},"type":"binary-expr","locations":[{"start":{"line":28,"column":21},"end":{"line":28,"column":40}},{"start":{"line":28,"column":44},"end":{"line":28,"column":50}}]}},"s":{"0":0,"1":0,"2":0,"3":0,"4":0,"5":0,"6":0,"7":0,"8":0,"9":0,"10":0,"11":0,"12":0,"13":0,"14":0,"15":0,"16":0},"f":{},"b":{"0":[0,0]}}
,"D:\\智能看板\\logistics-backend\\src\\app.service.ts": {"path":"D:\\智能看板\\logistics-backend\\src\\app.service.ts","statementMap":{"0":{"start":{"line":1,"column":0},"end":{"line":1,"column":44}},"1":{"start":{"line":2,"column":0},"end":{"line":2,"column":51}},"2":{"start":{"line":3,"column":0},"end":{"line":3,"column":37}},"3":{"start":{"line":6,"column":7},"end":{"line":88,"column":null}},"4":{"start":{"line":7,"column":51},"end":{"line":7,"column":63}},"5":{"start":{"line":10,"column":4},"end":{"line":10,"column":26}},"6":{"start":{"line":23,"column":4},"end":{"line":42,"column":5}},"7":{"start":{"line":25,"column":6},"end":{"line":25,"column":46}},"8":{"start":{"line":27,"column":6},"end":{"line":33,"column":8}},"9":{"start":{"line":35,"column":6},"end":{"line":41,"column":8}},"10":{"start":{"line":64,"column":24},"end":{"line":64,"column":51}},"11":{"start":{"line":67,"column":24},"end":{"line":67,"column":45}},"12":{"start":{"line":70,"column":21},"end":{"line":70,"column":39}},"13":{"start":{"line":72,"column":4},"end":{"line":86,"column":6}},"14":{"start":{"line":6,"column":13},"end":{"line":6,"column":23}},"15":{"start":{"line":6,"column":13},"end":{"line":88,"column":null}}},"fnMap":{"0":{"name":"(anonymous_4)","decl":{"start":{"line":7,"column":2},"end":{"line":7,"column":15}},"loc":{"start":{"line":7,"column":73},"end":{"line":7,"column":77}}},"1":{"name":"(anonymous_5)","decl":{"start":{"line":9,"column":2},"end":{"line":9,"column":10}},"loc":{"start":{"line":9,"column":10},"end":{"line":11,"column":3}}},"2":{"name":"(anonymous_6)","decl":{"start":{"line":16,"column":2},"end":{"line":16,"column":7}},"loc":{"start":{"line":16,"column":22},"end":{"line":43,"column":3}}},"3":{"name":"(anonymous_7)","decl":{"start":{"line":48,"column":2},"end":{"line":48,"column":7}},"loc":{"start":{"line":48,"column":18},"end":{"line":87,"column":3}}}},"branchMap":{"0":{"loc":{"start":{"line":32,"column":17},"end":{"line":32,"column":61}},"type":"binary-expr","locations":[{"start":{"line":32,"column":17},"end":{"line":32,"column":48}},{"start":{"line":32,"column":52},"end":{"line":32,"column":61}}]},"1":{"loc":{"start":{"line":40,"column":17},"end":{"line":40,"column":61}},"type":"binary-expr","locations":[{"start":{"line":40,"column":17},"end":{"line":40,"column":48}},{"start":{"line":40,"column":52},"end":{"line":40,"column":61}}]},"2":{"loc":{"start":{"line":7,"column":63},"end":{"line":7,"column":76}},"type":"cond-expr","locations":[{"start":{"line":7,"column":73},"end":{"line":7,"column":76}},{"start":{"line":7,"column":73},"end":{"line":7,"column":76}}]},"3":{"loc":{"start":{"line":7,"column":63},"end":{"line":7,"column":73}},"type":"binary-expr","locations":[{"start":{"line":7,"column":63},"end":{"line":7,"column":76}},{"start":{"line":7,"column":63},"end":{"line":7,"column":73}}]}},"s":{"0":1,"1":1,"2":1,"3":1,"4":0,"5":0,"6":0,"7":0,"8":0,"9":0,"10":0,"11":0,"12":0,"13":0,"14":1,"15":1},"f":{"0":0,"1":0,"2":0,"3":0},"b":{"0":[0,0],"1":[0,0],"2":[1,0],"3":[1,1]}}
,"D:\\智能看板\\logistics-backend\\src\\main.ts": {"path":"D:\\智能看板\\logistics-backend\\src\\main.ts","statementMap":{"0":{"start":{"line":1,"column":0},"end":{"line":1,"column":43}},"1":{"start":{"line":2,"column":0},"end":{"line":2,"column":48}},"2":{"start":{"line":3,"column":0},"end":{"line":3,"column":41}},"3":{"start":{"line":4,"column":0},"end":{"line":4,"column":41}},"4":{"start":{"line":5,"column":0},"end":{"line":5,"column":81}},"5":{"start":{"line":8,"column":14},"end":{"line":8,"column":49}},"6":{"start":{"line":11,"column":2},"end":{"line":21,"column":5}},"7":{"start":{"line":24,"column":2},"end":{"line":24,"column":26}},"8":{"start":{"line":27,"column":2},"end":{"line":39,"column":5}},"9":{"start":{"line":29,"column":4},"end":{"line":29,"column":45}},"10":{"start":{"line":31,"column":4},"end":{"line":31,"column":55}},"11":{"start":{"line":33,"column":4},"end":{"line":33,"column":55}},"12":{"start":{"line":35,"column":4},"end":{"line":35,"column":115}},"13":{"start":{"line":37,"column":4},"end":{"line":37,"column":86}},"14":{"start":{"line":38,"column":4},"end":{"line":38,"column":11}},"15":{"start":{"line":42,"column":2},"end":{"line":49,"column":4}},"16":{"start":{"line":52,"column":2},"end":{"line":52,"column":29}},"17":{"start":{"line":55,"column":2},"end":{"line":55,"column":52}},"18":{"start":{"line":57,"column":15},"end":{"line":57,"column":39}},"19":{"start":{"line":58,"column":2},"end":{"line":58,"column":25}},"20":{"start":{"line":59,"column":2},"end":{"line":59,"column":69}},"21":{"start":{"line":61,"column":0},"end":{"line":61,"column":12}}},"fnMap":{"0":{"name":"bootstrap","decl":{"start":{"line":7,"column":15},"end":{"line":7,"column":24}},"loc":{"start":{"line":7,"column":24},"end":{"line":60,"column":1}}},"1":{"name":"(anonymous_2)","decl":{"start":{"line":27,"column":10},"end":{"line":27,"column":11}},"loc":{"start":{"line":27,"column":29},"end":{"line":39,"column":3}}}},"branchMap":{"0":{"loc":{"start":{"line":13,"column":6},"end":{"line":13,"column":56}},"type":"binary-expr","locations":[{"start":{"line":13,"column":6},"end":{"line":13,"column":29}},{"start":{"line":13,"column":33},"end":{"line":13,"column":56}}]},"1":{"loc":{"start":{"line":57,"column":15},"end":{"line":57,"column":39}},"type":"binary-expr","locations":[{"start":{"line":57,"column":15},"end":{"line":57,"column":31}},{"start":{"line":57,"column":35},"end":{"line":57,"column":39}}]}},"s":{"0":0,"1":0,"2":0,"3":0,"4":0,"5":0,"6":0,"7":0,"8":0,"9":0,"10":0,"11":0,"12":0,"13":0,"14":0,"15":0,"16":0,"17":0,"18":0,"19":0,"20":0,"21":0},"f":{"0":0,"1":0},"b":{"0":[0,0],"1":[0,0]}}
,"D:\\智能看板\\logistics-backend\\src\\auth\\auth.module.ts": {"path":"D:\\智能看板\\logistics-backend\\src\\auth\\auth.module.ts","statementMap":{"0":{"start":{"line":1,"column":0},"end":{"line":1,"column":40}},"1":{"start":{"line":2,"column":0},"end":{"line":2,"column":40}},"2":{"start":{"line":3,"column":0},"end":{"line":3,"column":50}},"3":{"start":{"line":4,"column":0},"end":{"line":4,"column":48}},"4":{"start":{"line":5,"column":0},"end":{"line":5,"column":53}},"5":{"start":{"line":6,"column":0},"end":{"line":6,"column":63}},"6":{"start":{"line":7,"column":0},"end":{"line":7,"column":54}},"7":{"start":{"line":8,"column":0},"end":{"line":8,"column":56}},"8":{"start":{"line":9,"column":0},"end":{"line":9,"column":52}},"9":{"start":{"line":25,"column":7},"end":{"line":25,"column":null}},"10":{"start":{"line":25,"column":13},"end":{"line":25,"column":23}},"11":{"start":{"line":25,"column":13},"end":{"line":25,"column":null}}},"fnMap":{},"branchMap":{"0":{"loc":{"start":{"line":17,"column":14},"end":{"line":17,"column":66}},"type":"binary-expr","locations":[{"start":{"line":17,"column":14},"end":{"line":17,"column":36}},{"start":{"line":17,"column":40},"end":{"line":17,"column":66}}]}},"s":{"0":0,"1":0,"2":0,"3":0,"4":0,"5":0,"6":0,"7":0,"8":0,"9":0,"10":0,"11":0},"f":{},"b":{"0":[0,0]}}
,"D:\\智能看板\\logistics-backend\\src\\auth\\controllers\\auth.controller.ts": {"path":"D:\\智能看板\\logistics-backend\\src\\auth\\controllers\\auth.controller.ts","statementMap":{"0":{"start":{"line":1,"column":0},"end":{"line":1,"column":83}},"1":{"start":{"line":2,"column":0},"end":{"line":2,"column":55}},"2":{"start":{"line":6,"column":7},"end":{"line":39,"column":null}},"3":{"start":{"line":7,"column":31},"end":{"line":7,"column":44}},"4":{"start":{"line":11,"column":35},"end":{"line":11,"column":39}},"5":{"start":{"line":12,"column":17},"end":{"line":12,"column":72}},"6":{"start":{"line":13,"column":4},"end":{"line":15,"column":5}},"7":{"start":{"line":14,"column":6},"end":{"line":14,"column":78}},"8":{"start":{"line":16,"column":4},"end":{"line":16,"column":71}},"9":{"start":{"line":28,"column":48},"end":{"line":28,"column":52}},"10":{"start":{"line":31,"column":25},"end":{"line":31,"column":76}},"11":{"start":{"line":32,"column":4},"end":{"line":34,"column":5}},"12":{"start":{"line":33,"column":6},"end":{"line":33,"column":81}},"13":{"start":{"line":36,"column":20},"end":{"line":36,"column":84}},"14":{"start":{"line":37,"column":4},"end":{"line":37,"column":44}},"15":{"start":{"line":6,"column":13},"end":{"line":6,"column":27}},"16":{"start":{"line":10,"column":8},"end":{"line":17,"column":null}},"17":{"start":{"line":20,"column":8},"end":{"line":38,"column":null}},"18":{"start":{"line":6,"column":13},"end":{"line":39,"column":null}}},"fnMap":{"0":{"name":"(anonymous_4)","decl":{"start":{"line":7,"column":2},"end":{"line":7,"column":31}},"loc":{"start":{"line":7,"column":55},"end":{"line":7,"column":59}}},"1":{"name":"(anonymous_5)","decl":{"start":{"line":10,"column":8},"end":{"line":10,"column":13}},"loc":{"start":{"line":10,"column":66},"end":{"line":17,"column":3}}},"2":{"name":"(anonymous_6)","decl":{"start":{"line":20,"column":8},"end":{"line":20,"column":16}},"loc":{"start":{"line":26,"column":5},"end":{"line":38,"column":3}}}},"branchMap":{"0":{"loc":{"start":{"line":13,"column":4},"end":{"line":15,"column":5}},"type":"if","locations":[{"start":{"line":13,"column":4},"end":{"line":15,"column":5}},{"start":{},"end":{}}]},"1":{"loc":{"start":{"line":32,"column":4},"end":{"line":34,"column":5}},"type":"if","locations":[{"start":{"line":32,"column":4},"end":{"line":34,"column":5}},{"start":{},"end":{}}]},"2":{"loc":{"start":{"line":7,"column":44},"end":{"line":7,"column":58}},"type":"cond-expr","locations":[{"start":{"line":7,"column":55},"end":{"line":7,"column":58}},{"start":{"line":7,"column":55},"end":{"line":7,"column":58}}]},"3":{"loc":{"start":{"line":7,"column":44},"end":{"line":7,"column":55}},"type":"binary-expr","locations":[{"start":{"line":7,"column":44},"end":{"line":7,"column":58}},{"start":{"line":7,"column":44},"end":{"line":7,"column":55}}]}},"s":{"0":0,"1":0,"2":0,"3":0,"4":0,"5":0,"6":0,"7":0,"8":0,"9":0,"10":0,"11":0,"12":0,"13":0,"14":0,"15":0,"16":0,"17":0,"18":0},"f":{"0":0,"1":0,"2":0},"b":{"0":[0,0],"1":[0,0],"2":[0,0],"3":[0,0]}}
,"D:\\智能看板\\logistics-backend\\src\\auth\\guards\\jwt-auth.guard.ts": {"path":"D:\\智能看板\\logistics-backend\\src\\auth\\guards\\jwt-auth.guard.ts","statementMap":{"0":{"start":{"line":1,"column":0},"end":{"line":1,"column":44}},"1":{"start":{"line":2,"column":0},"end":{"line":2,"column":45}},"2":{"start":{"line":5,"column":7},"end":{"line":5,"column":null}},"3":{"start":{"line":5,"column":13},"end":{"line":5,"column":25}},"4":{"start":{"line":5,"column":13},"end":{"line":5,"column":null}}},"fnMap":{},"branchMap":{},"s":{"0":0,"1":0,"2":0,"3":0,"4":0},"f":{},"b":{}}
,"D:\\智能看板\\logistics-backend\\src\\auth\\services\\auth.service.ts": {"path":"D:\\智能看板\\logistics-backend\\src\\auth\\services\\auth.service.ts","statementMap":{"0":{"start":{"line":1,"column":0},"end":{"line":1,"column":67}},"1":{"start":{"line":2,"column":0},"end":{"line":2,"column":51}},"2":{"start":{"line":3,"column":0},"end":{"line":3,"column":37}},"3":{"start":{"line":4,"column":0},"end":{"line":4,"column":62}},"4":{"start":{"line":5,"column":0},"end":{"line":5,"column":41}},"5":{"start":{"line":6,"column":0},"end":{"line":6,"column":33}},"6":{"start":{"line":7,"column":0},"end":{"line":7,"column":66}},"7":{"start":{"line":10,"column":7},"end":{"line":70,"column":null}},"8":{"start":{"line":13,"column":12},"end":{"line":13,"column":29}},"9":{"start":{"line":14,"column":12},"end":{"line":14,"column":24}},"10":{"start":{"line":15,"column":12},"end":{"line":15,"column":26}},"11":{"start":{"line":19,"column":4},"end":{"line":29,"column":5}},"12":{"start":{"line":21,"column":19},"end":{"line":21,"column":82}},"13":{"start":{"line":22,"column":6},"end":{"line":25,"column":7}},"14":{"start":{"line":23,"column":40},"end":{"line":23,"column":44}},"15":{"start":{"line":24,"column":8},"end":{"line":24,"column":22}},"16":{"start":{"line":30,"column":4},"end":{"line":30,"column":16}},"17":{"start":{"line":34,"column":20},"end":{"line":38,"column":6}},"18":{"start":{"line":39,"column":4},"end":{"line":47,"column":6}},"19":{"start":{"line":51,"column":27},"end":{"line":51,"column":58}},"20":{"start":{"line":52,"column":20},"end":{"line":57,"column":6}},"21":{"start":{"line":58,"column":4},"end":{"line":58,"column":45}},"22":{"start":{"line":59,"column":39},"end":{"line":59,"column":46}},"23":{"start":{"line":60,"column":4},"end":{"line":60,"column":18}},"24":{"start":{"line":64,"column":4},"end":{"line":64,"column":59}},"25":{"start":{"line":68,"column":4},"end":{"line":68,"column":65}},"26":{"start":{"line":10,"column":13},"end":{"line":10,"column":24}},"27":{"start":{"line":10,"column":13},"end":{"line":70,"column":null}}},"fnMap":{"0":{"name":"(anonymous_13)","decl":{"start":{"line":11,"column":2},"end":{"line":11,"column":null}},"loc":{"start":{"line":15,"column":38},"end":{"line":16,"column":6}}},"1":{"name":"(anonymous_14)","decl":{"start":{"line":18,"column":2},"end":{"line":18,"column":7}},"loc":{"start":{"line":18,"column":51},"end":{"line":31,"column":3}}},"2":{"name":"(anonymous_15)","decl":{"start":{"line":33,"column":2},"end":{"line":33,"column":7}},"loc":{"start":{"line":33,"column":23},"end":{"line":48,"column":3}}},"3":{"name":"(anonymous_16)","decl":{"start":{"line":50,"column":2},"end":{"line":50,"column":7}},"loc":{"start":{"line":50,"column":91},"end":{"line":61,"column":3}}},"4":{"name":"(anonymous_17)","decl":{"start":{"line":63,"column":2},"end":{"line":63,"column":7}},"loc":{"start":{"line":63,"column":31},"end":{"line":65,"column":3}}},"5":{"name":"(anonymous_18)","decl":{"start":{"line":67,"column":2},"end":{"line":67,"column":7}},"loc":{"start":{"line":67,"column":43},"end":{"line":69,"column":3}}}},"branchMap":{"0":{"loc":{"start":{"line":22,"column":6},"end":{"line":25,"column":7}},"type":"if","locations":[{"start":{"line":22,"column":6},"end":{"line":25,"column":7}},{"start":{},"end":{}}]},"1":{"loc":{"start":{"line":22,"column":10},"end":{"line":22,"column":59}},"type":"binary-expr","locations":[{"start":{"line":22,"column":10},"end":{"line":22,"column":14}},{"start":{"line":22,"column":18},"end":{"line":22,"column":59}}]},"2":{"loc":{"start":{"line":50,"column":69},"end":{"line":50,"column":91}},"type":"default-arg","locations":[{"start":{"line":50,"column":82},"end":{"line":50,"column":91}}]},"3":{"loc":{"start":{"line":13,"column":29},"end":{"line":13,"column":45}},"type":"cond-expr","locations":[{"start":{"line":13,"column":39},"end":{"line":13,"column":45}},{"start":{"line":13,"column":39},"end":{"line":13,"column":45}}]},"4":{"loc":{"start":{"line":13,"column":29},"end":{"line":13,"column":39}},"type":"binary-expr","locations":[{"start":{"line":13,"column":29},"end":{"line":13,"column":45}},{"start":{"line":13,"column":29},"end":{"line":13,"column":39}}]},"5":{"loc":{"start":{"line":13,"column":39},"end":{"line":14,"column":null}},"type":"cond-expr","locations":[{"start":{"line":14,"column":34},"end":{"line":14,"column":null}},{"start":{"line":14,"column":34},"end":{"line":14,"column":null}}]},"6":{"loc":{"start":{"line":13,"column":39},"end":{"line":14,"column":34}},"type":"binary-expr","locations":[{"start":{"line":13,"column":39},"end":{"line":14,"column":null}},{"start":{"line":14,"column":24},"end":{"line":14,"column":34}}]},"7":{"loc":{"start":{"line":14,"column":34},"end":{"line":15,"column":null}},"type":"cond-expr","locations":[{"start":{"line":15,"column":38},"end":{"line":15,"column":null}},{"start":{"line":15,"column":38},"end":{"line":15,"column":null}}]},"8":{"loc":{"start":{"line":14,"column":34},"end":{"line":15,"column":38}},"type":"binary-expr","locations":[{"start":{"line":14,"column":34},"end":{"line":15,"column":null}},{"start":{"line":15,"column":26},"end":{"line":15,"column":38}}]}},"s":{"0":1,"1":1,"2":1,"3":1,"4":1,"5":1,"6":1,"7":1,"8":8,"9":8,"10":8,"11":3,"12":3,"13":2,"14":1,"15":1,"16":2,"17":1,"18":1,"19":2,"20":2,"21":2,"22":2,"23":2,"24":0,"25":2,"26":1,"27":1},"f":{"0":8,"1":3,"2":1,"3":2,"4":0,"5":2},"b":{"0":[1,1],"1":[2,2],"2":[1],"3":[1,0],"4":[1,1],"5":[1,0],"6":[1,1],"7":[1,0],"8":[1,1]}}
,"D:\\智能看板\\logistics-backend\\src\\auth\\strategies\\jwt.strategy.ts": {"path":"D:\\智能看板\\logistics-backend\\src\\auth\\strategies\\jwt.strategy.ts","statementMap":{"0":{"start":{"line":1,"column":0},"end":{"line":1,"column":44}},"1":{"start":{"line":2,"column":0},"end":{"line":2,"column":52}},"2":{"start":{"line":3,"column":0},"end":{"line":3,"column":52}},"3":{"start":{"line":6,"column":7},"end":{"line":22,"column":null}},"4":{"start":{"line":8,"column":4},"end":{"line":12,"column":7}},"5":{"start":{"line":16,"column":4},"end":{"line":20,"column":6}},"6":{"start":{"line":6,"column":13},"end":{"line":6,"column":24}},"7":{"start":{"line":6,"column":13},"end":{"line":22,"column":null}}},"fnMap":{"0":{"name":"(anonymous_2)","decl":{"start":{"line":7,"column":2},"end":{"line":7,"column":null}},"loc":{"start":{"line":7,"column":2},"end":{"line":13,"column":3}}},"1":{"name":"(anonymous_3)","decl":{"start":{"line":15,"column":2},"end":{"line":15,"column":7}},"loc":{"start":{"line":15,"column":29},"end":{"line":21,"column":3}}}},"branchMap":{"0":{"loc":{"start":{"line":11,"column":19},"end":{"line":11,"column":71}},"type":"binary-expr","locations":[{"start":{"line":11,"column":19},"end":{"line":11,"column":41}},{"start":{"line":11,"column":45},"end":{"line":11,"column":71}}]}},"s":{"0":0,"1":0,"2":0,"3":0,"4":0,"5":0,"6":0,"7":0},"f":{"0":0,"1":0},"b":{"0":[0,0]}}
,"D:\\智能看板\\logistics-backend\\src\\common\\common.module.ts": {"path":"D:\\智能看板\\logistics-backend\\src\\common\\common.module.ts","statementMap":{"0":{"start":{"line":1,"column":0},"end":{"line":1,"column":48}},"1":{"start":{"line":2,"column":0},"end":{"line":2,"column":47}},"2":{"start":{"line":14,"column":7},"end":{"line":14,"column":null}},"3":{"start":{"line":14,"column":13},"end":{"line":14,"column":25}},"4":{"start":{"line":14,"column":13},"end":{"line":14,"column":null}}},"fnMap":{},"branchMap":{},"s":{"0":0,"1":0,"2":0,"3":0,"4":0},"f":{},"b":{}}
,"D:\\智能看板\\logistics-backend\\src\\common\\filters\\global-exception.filter.ts": {"path":"D:\\智能看板\\logistics-backend\\src\\common\\filters\\global-exception.filter.ts","statementMap":{"0":{"start":{"line":1,"column":0},"end":{"line":1,"column":106}},"1":{"start":{"line":17,"column":7},"end":{"line":95,"column":null}},"2":{"start":{"line":18,"column":28},"end":{"line":18,"column":63}},"3":{"start":{"line":21,"column":16},"end":{"line":21,"column":35}},"4":{"start":{"line":22,"column":21},"end":{"line":22,"column":48}},"5":{"start":{"line":23,"column":20},"end":{"line":23,"column":45}},"6":{"start":{"line":28,"column":4},"end":{"line":79,"column":5}},"7":{"start":{"line":29,"column":6},"end":{"line":29,"column":51}},"8":{"start":{"line":30,"column":32},"end":{"line":30,"column":55}},"9":{"start":{"line":33,"column":6},"end":{"line":56,"column":7}},"10":{"start":{"line":34,"column":8},"end":{"line":43,"column":10}},"11":{"start":{"line":46,"column":8},"end":{"line":55,"column":10}},"12":{"start":{"line":59,"column":6},"end":{"line":59,"column":48}},"13":{"start":{"line":60,"column":6},"end":{"line":68,"column":8}},"14":{"start":{"line":71,"column":6},"end":{"line":78,"column":9}},"15":{"start":{"line":82,"column":4},"end":{"line":90,"column":5}},"16":{"start":{"line":83,"column":6},"end":{"line":89,"column":9}},"17":{"start":{"line":93,"column":4},"end":{"line":93,"column":48}},"18":{"start":{"line":17,"column":13},"end":{"line":17,"column":34}},"19":{"start":{"line":17,"column":13},"end":{"line":95,"column":null}}},"fnMap":{"0":{"name":"(anonymous_1)","decl":{"start":{"line":20,"column":2},"end":{"line":20,"column":7}},"loc":{"start":{"line":20,"column":43},"end":{"line":94,"column":3}}}},"branchMap":{"0":{"loc":{"start":{"line":28,"column":4},"end":{"line":79,"column":5}},"type":"if","locations":[{"start":{"line":28,"column":4},"end":{"line":79,"column":5}},{"start":{"line":57,"column":11},"end":{"line":79,"column":5}}]},"1":{"loc":{"start":{"line":33,"column":6},"end":{"line":56,"column":7}},"type":"if","locations":[{"start":{"line":33,"column":6},"end":{"line":56,"column":7}},{"start":{"line":44,"column":13},"end":{"line":56,"column":7}}]},"2":{"loc":{"start":{"line":49,"column":18},"end":{"line":49,"column":59}},"type":"binary-expr","locations":[{"start":{"line":49,"column":18},"end":{"line":49,"column":43}},{"start":{"line":49,"column":47},"end":{"line":49,"column":59}}]},"3":{"loc":{"start":{"line":50,"column":21},"end":{"line":50,"column":70}},"type":"binary-expr","locations":[{"start":{"line":50,"column":21},"end":{"line":50,"column":49}},{"start":{"line":50,"column":53},"end":{"line":50,"column":70}}]},"4":{"loc":{"start":{"line":51,"column":21},"end":{"line":51,"column":70}},"type":"binary-expr","locations":[{"start":{"line":51,"column":21},"end":{"line":51,"column":49}},{"start":{"line":51,"column":53},"end":{"line":51,"column":70}}]},"5":{"loc":{"start":{"line":82,"column":4},"end":{"line":90,"column":5}},"type":"if","locations":[{"start":{"line":82,"column":4},"end":{"line":90,"column":5}},{"start":{},"end":{}}]}},"s":{"0":0,"1":0,"2":0,"3":0,"4":0,"5":0,"6":0,"7":0,"8":0,"9":0,"10":0,"11":0,"12":0,"13":0,"14":0,"15":0,"16":0,"17":0,"18":0,"19":0},"f":{"0":0},"b":{"0":[0,0],"1":[0,0],"2":[0,0],"3":[0,0],"4":[0,0],"5":[0,0]}}
,"D:\\智能看板\\logistics-backend\\src\\common\\filters\\validation-exception.filter.ts": {"path":"D:\\智能看板\\logistics-backend\\src\\common\\filters\\validation-exception.filter.ts","statementMap":{"0":{"start":{"line":1,"column":0},"end":{"line":1,"column":98}},"1":{"start":{"line":4,"column":0},"end":{"line":4,"column":40}},"2":{"start":{"line":7,"column":7},"end":{"line":45,"column":null}},"3":{"start":{"line":8,"column":28},"end":{"line":8,"column":67}},"4":{"start":{"line":11,"column":16},"end":{"line":11,"column":35}},"5":{"start":{"line":12,"column":21},"end":{"line":12,"column":48}},"6":{"start":{"line":13,"column":20},"end":{"line":13,"column":45}},"7":{"start":{"line":14,"column":19},"end":{"line":14,"column":40}},"8":{"start":{"line":17,"column":4},"end":{"line":43,"column":5}},"9":{"start":{"line":18,"column":28},"end":{"line":18,"column":51}},"10":{"start":{"line":21,"column":6},"end":{"line":27,"column":9}},"11":{"start":{"line":30,"column":6},"end":{"line":39,"column":9}},"12":{"start":{"line":42,"column":6},"end":{"line":42,"column":60}},"13":{"start":{"line":7,"column":13},"end":{"line":7,"column":38}},"14":{"start":{"line":7,"column":13},"end":{"line":45,"column":null}}},"fnMap":{"0":{"name":"(anonymous_1)","decl":{"start":{"line":10,"column":2},"end":{"line":10,"column":7}},"loc":{"start":{"line":10,"column":53},"end":{"line":44,"column":3}}}},"branchMap":{"0":{"loc":{"start":{"line":17,"column":4},"end":{"line":43,"column":5}},"type":"if","locations":[{"start":{"line":17,"column":4},"end":{"line":43,"column":5}},{"start":{"line":40,"column":11},"end":{"line":43,"column":5}}]}},"s":{"0":0,"1":0,"2":0,"3":0,"4":0,"5":0,"6":0,"7":0,"8":0,"9":0,"10":0,"11":0,"12":0,"13":0,"14":0},"f":{"0":0},"b":{"0":[0,0]}}
,"D:\\智能看板\\logistics-backend\\src\\common\\services\\logger.service.ts": {"path":"D:\\智能看板\\logistics-backend\\src\\common\\services\\logger.service.ts","statementMap":{"0":{"start":{"line":1,"column":0},"end":{"line":1,"column":59}},"1":{"start":{"line":2,"column":0},"end":{"line":2,"column":35}},"2":{"start":{"line":3,"column":0},"end":{"line":3,"column":25}},"3":{"start":{"line":4,"column":0},"end":{"line":4,"column":29}},"4":{"start":{"line":7,"column":15},"end":{"line":7,"column":55}},"5":{"start":{"line":8,"column":0},"end":{"line":10,"column":1}},"6":{"start":{"line":9,"column":2},"end":{"line":9,"column":44}},"7":{"start":{"line":13,"column":18},"end":{"line":17,"column":null}},"8":{"start":{"line":17,"column":24},"end":{"line":17,"column":89}},"9":{"start":{"line":21,"column":15},"end":{"line":66,"column":2}},"10":{"start":{"line":68,"column":0},"end":{"line":68,"column":22}}},"fnMap":{"0":{"name":"(anonymous_9)","decl":{"start":{"line":17,"column":16},"end":{"line":17,"column":20}},"loc":{"start":{"line":17,"column":24},"end":{"line":17,"column":89}}}},"branchMap":{"0":{"loc":{"start":{"line":8,"column":0},"end":{"line":10,"column":1}},"type":"if","locations":[{"start":{"line":8,"column":0},"end":{"line":10,"column":1}},{"start":{},"end":{}}]},"1":{"loc":{"start":{"line":22,"column":9},"end":{"line":22,"column":40}},"type":"binary-expr","locations":[{"start":{"line":22,"column":9},"end":{"line":22,"column":30}},{"start":{"line":22,"column":34},"end":{"line":22,"column":40}}]}},"s":{"0":0,"1":0,"2":0,"3":0,"4":0,"5":0,"6":0,"7":0,"8":0,"9":0,"10":0},"f":{"0":0},"b":{"0":[0,0],"1":[0,0]}}
,"D:\\智能看板\\logistics-backend\\src\\departments\\departments.module.ts": {"path":"D:\\智能看板\\logistics-backend\\src\\departments\\departments.module.ts","statementMap":{"0":{"start":{"line":1,"column":0},"end":{"line":1,"column":40}},"1":{"start":{"line":2,"column":0},"end":{"line":2,"column":48}},"2":{"start":{"line":3,"column":0},"end":{"line":3,"column":58}},"3":{"start":{"line":4,"column":0},"end":{"line":4,"column":77}},"4":{"start":{"line":5,"column":0},"end":{"line":5,"column":68}},"5":{"start":{"line":13,"column":7},"end":{"line":13,"column":null}},"6":{"start":{"line":13,"column":13},"end":{"line":13,"column":30}},"7":{"start":{"line":13,"column":13},"end":{"line":13,"column":null}}},"fnMap":{},"branchMap":{},"s":{"0":0,"1":0,"2":0,"3":0,"4":0,"5":0,"6":0,"7":0},"f":{},"b":{}}
,"D:\\智能看板\\logistics-backend\\src\\departments\\controllers\\departments.controller.ts": {"path":"D:\\智能看板\\logistics-backend\\src\\departments\\controllers\\departments.controller.ts","statementMap":{"0":{"start":{"line":1,"column":0},"end":{"line":1,"column":92}},"1":{"start":{"line":2,"column":0},"end":{"line":2,"column":69}},"2":{"start":{"line":3,"column":0},"end":{"line":3,"column":64}},"3":{"start":{"line":9,"column":7},"end":{"line":53,"column":null}},"4":{"start":{"line":10,"column":31},"end":{"line":10,"column":51}},"5":{"start":{"line":15,"column":24},"end":{"line":15,"column":73}},"6":{"start":{"line":16,"column":4},"end":{"line":16,"column":52}},"7":{"start":{"line":22,"column":23},"end":{"line":22,"column":82}},"8":{"start":{"line":23,"column":4},"end":{"line":23,"column":51}},"9":{"start":{"line":29,"column":23},"end":{"line":29,"column":76}},"10":{"start":{"line":30,"column":4},"end":{"line":30,"column":51}},"11":{"start":{"line":36,"column":23},"end":{"line":36,"column":85}},"12":{"start":{"line":37,"column":4},"end":{"line":37,"column":51}},"13":{"start":{"line":43,"column":23},"end":{"line":43,"column":97}},"14":{"start":{"line":44,"column":4},"end":{"line":44,"column":51}},"15":{"start":{"line":50,"column":19},"end":{"line":50,"column":77}},"16":{"start":{"line":51,"column":4},"end":{"line":51,"column":43}},"17":{"start":{"line":9,"column":13},"end":{"line":9,"column":34}},"18":{"start":{"line":14,"column":8},"end":{"line":17,"column":null}},"19":{"start":{"line":21,"column":8},"end":{"line":24,"column":null}},"20":{"start":{"line":28,"column":8},"end":{"line":31,"column":null}},"21":{"start":{"line":35,"column":8},"end":{"line":38,"column":null}},"22":{"start":{"line":42,"column":8},"end":{"line":45,"column":null}},"23":{"start":{"line":49,"column":8},"end":{"line":52,"column":null}},"24":{"start":{"line":9,"column":13},"end":{"line":53,"column":null}}},"fnMap":{"0":{"name":"(anonymous_4)","decl":{"start":{"line":10,"column":2},"end":{"line":10,"column":31}},"loc":{"start":{"line":10,"column":69},"end":{"line":10,"column":73}}},"1":{"name":"(anonymous_5)","decl":{"start":{"line":14,"column":8},"end":{"line":14,"column":15}},"loc":{"start":{"line":14,"column":15},"end":{"line":17,"column":3}}},"2":{"name":"(anonymous_6)","decl":{"start":{"line":21,"column":8},"end":{"line":21,"column":15}},"loc":{"start":{"line":21,"column":39},"end":{"line":24,"column":3}}},"3":{"name":"(anonymous_7)","decl":{"start":{"line":28,"column":8},"end":{"line":28,"column":17}},"loc":{"start":{"line":28,"column":43},"end":{"line":31,"column":3}}},"4":{"name":"(anonymous_8)","decl":{"start":{"line":35,"column":8},"end":{"line":35,"column":14}},"loc":{"start":{"line":35,"column":58},"end":{"line":38,"column":3}}},"5":{"name":"(anonymous_9)","decl":{"start":{"line":42,"column":8},"end":{"line":42,"column":14}},"loc":{"start":{"line":42,"column":83},"end":{"line":45,"column":3}}},"6":{"name":"(anonymous_10)","decl":{"start":{"line":49,"column":8},"end":{"line":49,"column":14}},"loc":{"start":{"line":49,"column":38},"end":{"line":52,"column":3}}}},"branchMap":{"0":{"loc":{"start":{"line":35,"column":39},"end":{"line":35,"column":58}},"type":"cond-expr","locations":[{"start":{"line":35,"column":46},"end":{"line":35,"column":58}},{"start":{"line":35,"column":46},"end":{"line":35,"column":58}}]},"1":{"loc":{"start":{"line":35,"column":39},"end":{"line":35,"column":46}},"type":"binary-expr","locations":[{"start":{"line":35,"column":39},"end":{"line":35,"column":58}},{"start":{"line":35,"column":39},"end":{"line":35,"column":46}}]},"2":{"loc":{"start":{"line":42,"column":64},"end":{"line":42,"column":83}},"type":"cond-expr","locations":[{"start":{"line":42,"column":71},"end":{"line":42,"column":83}},{"start":{"line":42,"column":71},"end":{"line":42,"column":83}}]},"3":{"loc":{"start":{"line":42,"column":64},"end":{"line":42,"column":71}},"type":"binary-expr","locations":[{"start":{"line":42,"column":64},"end":{"line":42,"column":83}},{"start":{"line":42,"column":64},"end":{"line":42,"column":71}}]},"4":{"loc":{"start":{"line":10,"column":51},"end":{"line":10,"column":72}},"type":"cond-expr","locations":[{"start":{"line":10,"column":69},"end":{"line":10,"column":72}},{"start":{"line":10,"column":69},"end":{"line":10,"column":72}}]},"5":{"loc":{"start":{"line":10,"column":51},"end":{"line":10,"column":69}},"type":"binary-expr","locations":[{"start":{"line":10,"column":51},"end":{"line":10,"column":72}},{"start":{"line":10,"column":51},"end":{"line":10,"column":69}}]}},"s":{"0":0,"1":0,"2":0,"3":0,"4":0,"5":0,"6":0,"7":0,"8":0,"9":0,"10":0,"11":0,"12":0,"13":0,"14":0,"15":0,"16":0,"17":0,"18":0,"19":0,"20":0,"21":0,"22":0,"23":0,"24":0},"f":{"0":0,"1":0,"2":0,"3":0,"4":0,"5":0,"6":0},"b":{"0":[0,0],"1":[0,0],"2":[0,0],"3":[0,0],"4":[0,0],"5":[0,0]}}
,"D:\\智能看板\\logistics-backend\\src\\departments\\entities\\department.entity.ts": {"path":"D:\\智能看板\\logistics-backend\\src\\departments\\entities\\department.entity.ts","statementMap":{"0":{"start":{"line":1,"column":0},"end":{"line":1,"column":83}},"1":{"start":{"line":4,"column":7},"end":{"line":19,"column":null}},"2":{"start":{"line":4,"column":13},"end":{"line":4,"column":23}},"3":{"start":{"line":6,"column":2},"end":{"line":6,"column":null}},"4":{"start":{"line":9,"column":2},"end":{"line":9,"column":null}},"5":{"start":{"line":12,"column":2},"end":{"line":12,"column":null}},"6":{"start":{"line":15,"column":2},"end":{"line":15,"column":null}},"7":{"start":{"line":18,"column":2},"end":{"line":18,"column":null}},"8":{"start":{"line":4,"column":13},"end":{"line":19,"column":null}}},"fnMap":{},"branchMap":{"0":{"loc":{"start":{"line":18,"column":14},"end":{"line":18,"column":19}},"type":"cond-expr","locations":[{"start":{"line":18,"column":18},"end":{"line":18,"column":19}},{"start":{"line":18,"column":18},"end":{"line":18,"column":19}}]},"1":{"loc":{"start":{"line":18,"column":14},"end":{"line":18,"column":18}},"type":"binary-expr","locations":[{"start":{"line":18,"column":14},"end":{"line":18,"column":19}},{"start":{"line":18,"column":14},"end":{"line":18,"column":18}}]}},"s":{"0":0,"1":0,"2":0,"3":0,"4":0,"5":0,"6":0,"7":0,"8":0},"f":{},"b":{"0":[0,0],"1":[0,0]}}
,"D:\\智能看板\\logistics-backend\\src\\departments\\services\\departments.service.ts": {"path":"D:\\智能看板\\logistics-backend\\src\\departments\\services\\departments.service.ts","statementMap":{"0":{"start":{"line":1,"column":0},"end":{"line":1,"column":63}},"1":{"start":{"line":2,"column":0},"end":{"line":2,"column":51}},"2":{"start":{"line":3,"column":0},"end":{"line":3,"column":37}},"3":{"start":{"line":4,"column":0},"end":{"line":4,"column":59}},"4":{"start":{"line":7,"column":7},"end":{"line":55,"column":null}},"5":{"start":{"line":10,"column":21},"end":{"line":10,"column":43}},"6":{"start":{"line":15,"column":4},"end":{"line":15,"column":50}},"7":{"start":{"line":20,"column":23},"end":{"line":20,"column":72}},"8":{"start":{"line":21,"column":4},"end":{"line":23,"column":5}},"9":{"start":{"line":22,"column":6},"end":{"line":22,"column":52}},"10":{"start":{"line":24,"column":4},"end":{"line":24,"column":22}},"11":{"start":{"line":29,"column":23},"end":{"line":29,"column":73}},"12":{"start":{"line":30,"column":4},"end":{"line":32,"column":5}},"13":{"start":{"line":31,"column":6},"end":{"line":31,"column":50}},"14":{"start":{"line":33,"column":4},"end":{"line":33,"column":22}},"15":{"start":{"line":38,"column":23},"end":{"line":38,"column":71}},"16":{"start":{"line":39,"column":4},"end":{"line":39,"column":60}},"17":{"start":{"line":44,"column":23},"end":{"line":44,"column":55}},"18":{"start":{"line":45,"column":4},"end":{"line":45,"column":46}},"19":{"start":{"line":46,"column":4},"end":{"line":46,"column":60}},"20":{"start":{"line":51,"column":23},"end":{"line":51,"column":55}},"21":{"start":{"line":52,"column":4},"end":{"line":52,"column":55}},"22":{"start":{"line":53,"column":4},"end":{"line":53,"column":33}},"23":{"start":{"line":7,"column":13},"end":{"line":7,"column":31}},"24":{"start":{"line":7,"column":13},"end":{"line":55,"column":null}}},"fnMap":{"0":{"name":"(anonymous_4)","decl":{"start":{"line":8,"column":2},"end":{"line":8,"column":null}},"loc":{"start":{"line":10,"column":65},"end":{"line":11,"column":6}}},"1":{"name":"(anonymous_5)","decl":{"start":{"line":14,"column":2},"end":{"line":14,"column":7}},"loc":{"start":{"line":14,"column":25},"end":{"line":16,"column":3}}},"2":{"name":"(anonymous_6)","decl":{"start":{"line":19,"column":2},"end":{"line":19,"column":7}},"loc":{"start":{"line":19,"column":36},"end":{"line":25,"column":3}}},"3":{"name":"(anonymous_7)","decl":{"start":{"line":28,"column":2},"end":{"line":28,"column":7}},"loc":{"start":{"line":28,"column":38},"end":{"line":34,"column":3}}},"4":{"name":"(anonymous_8)","decl":{"start":{"line":37,"column":2},"end":{"line":37,"column":7}},"loc":{"start":{"line":37,"column":60},"end":{"line":40,"column":3}}},"5":{"name":"(anonymous_9)","decl":{"start":{"line":43,"column":2},"end":{"line":43,"column":7}},"loc":{"start":{"line":43,"column":72},"end":{"line":47,"column":3}}},"6":{"name":"(anonymous_10)","decl":{"start":{"line":50,"column":2},"end":{"line":50,"column":7}},"loc":{"start":{"line":50,"column":35},"end":{"line":54,"column":3}}}},"branchMap":{"0":{"loc":{"start":{"line":21,"column":4},"end":{"line":23,"column":5}},"type":"if","locations":[{"start":{"line":21,"column":4},"end":{"line":23,"column":5}},{"start":{},"end":{}}]},"1":{"loc":{"start":{"line":30,"column":4},"end":{"line":32,"column":5}},"type":"if","locations":[{"start":{"line":30,"column":4},"end":{"line":32,"column":5}},{"start":{},"end":{}}]},"2":{"loc":{"start":{"line":10,"column":43},"end":{"line":10,"column":65}},"type":"cond-expr","locations":[{"start":{"line":10,"column":53},"end":{"line":10,"column":65}},{"start":{"line":10,"column":53},"end":{"line":10,"column":65}}]},"3":{"loc":{"start":{"line":10,"column":43},"end":{"line":10,"column":53}},"type":"binary-expr","locations":[{"start":{"line":10,"column":43},"end":{"line":10,"column":65}},{"start":{"line":10,"column":43},"end":{"line":10,"column":53}}]}},"s":{"0":0,"1":0,"2":0,"3":0,"4":0,"5":0,"6":0,"7":0,"8":0,"9":0,"10":0,"11":0,"12":0,"13":0,"14":0,"15":0,"16":0,"17":0,"18":0,"19":0,"20":0,"21":0,"22":0,"23":0,"24":0},"f":{"0":0,"1":0,"2":0,"3":0,"4":0,"5":0,"6":0},"b":{"0":[0,0],"1":[0,0],"2":[0,0],"3":[0,0]}}
,"D:\\智能看板\\logistics-backend\\src\\logistics-proxy\\logistics-proxy.controller.ts": {"path":"D:\\智能看板\\logistics-backend\\src\\logistics-proxy\\logistics-proxy.controller.ts","statementMap":{"0":{"start":{"line":1,"column":0},"end":{"line":1,"column":83}},"1":{"start":{"line":2,"column":0},"end":{"line":2,"column":29}},"2":{"start":{"line":3,"column":0},"end":{"line":3,"column":43}},"3":{"start":{"line":6,"column":7},"end":{"line":115,"column":null}},"4":{"start":{"line":8,"column":41},"end":{"line":8,"column":75}},"5":{"start":{"line":11,"column":37},"end":{"line":14,"column":4}},"6":{"start":{"line":20,"column":4},"end":{"line":69,"column":7}},"7":{"start":{"line":22,"column":23},"end":{"line":22,"column":35}},"8":{"start":{"line":25,"column":23},"end":{"line":25,"column":50}},"9":{"start":{"line":28,"column":22},"end":{"line":37,"column":8}},"10":{"start":{"line":40,"column":18},"end":{"line":59,"column":8}},"11":{"start":{"line":41,"column":27},"end":{"line":41,"column":29}},"12":{"start":{"line":44,"column":8},"end":{"line":46,"column":11}},"13":{"start":{"line":45,"column":10},"end":{"line":45,"column":32}},"14":{"start":{"line":49,"column":8},"end":{"line":58,"column":11}},"15":{"start":{"line":50,"column":10},"end":{"line":57,"column":11}},"16":{"start":{"line":52,"column":31},"end":{"line":52,"column":55}},"17":{"start":{"line":53,"column":12},"end":{"line":53,"column":32}},"18":{"start":{"line":56,"column":12},"end":{"line":56,"column":34}},"19":{"start":{"line":62,"column":6},"end":{"line":64,"column":9}},"20":{"start":{"line":63,"column":8},"end":{"line":63,"column":22}},"21":{"start":{"line":67,"column":6},"end":{"line":67,"column":26}},"22":{"start":{"line":68,"column":6},"end":{"line":68,"column":16}},"23":{"start":{"line":77,"column":4},"end":{"line":91,"column":5}},"24":{"start":{"line":79,"column":21},"end":{"line":82,"column":8}},"25":{"start":{"line":85,"column":23},"end":{"line":85,"column":88}},"26":{"start":{"line":87,"column":6},"end":{"line":87,"column":22}},"27":{"start":{"line":89,"column":6},"end":{"line":89,"column":43}},"28":{"start":{"line":90,"column":6},"end":{"line":90,"column":77}},"29":{"start":{"line":99,"column":4},"end":{"line":113,"column":5}},"30":{"start":{"line":101,"column":21},"end":{"line":104,"column":8}},"31":{"start":{"line":107,"column":23},"end":{"line":107,"column":88}},"32":{"start":{"line":109,"column":6},"end":{"line":109,"column":22}},"33":{"start":{"line":111,"column":6},"end":{"line":111,"column":43}},"34":{"start":{"line":112,"column":6},"end":{"line":112,"column":77}},"35":{"start":{"line":6,"column":13},"end":{"line":6,"column":37}},"36":{"start":{"line":76,"column":8},"end":{"line":92,"column":null}},"37":{"start":{"line":98,"column":8},"end":{"line":114,"column":null}},"38":{"start":{"line":6,"column":13},"end":{"line":115,"column":null}}},"fnMap":{"0":{"name":"(anonymous_13)","decl":{"start":{"line":19,"column":10},"end":{"line":19,"column":15}},"loc":{"start":{"line":19,"column":47},"end":{"line":70,"column":3}}},"1":{"name":"(anonymous_14)","decl":{"start":{"line":20,"column":23},"end":{"line":20,"column":24}},"loc":{"start":{"line":20,"column":43},"end":{"line":69,"column":5}}},"2":{"name":"(anonymous_15)","decl":{"start":{"line":40,"column":40},"end":{"line":40,"column":41}},"loc":{"start":{"line":40,"column":48},"end":{"line":59,"column":7}}},"3":{"name":"(anonymous_16)","decl":{"start":{"line":44,"column":23},"end":{"line":44,"column":24}},"loc":{"start":{"line":44,"column":33},"end":{"line":46,"column":9}}},"4":{"name":"(anonymous_17)","decl":{"start":{"line":49,"column":22},"end":{"line":49,"column":25}},"loc":{"start":{"line":49,"column":27},"end":{"line":58,"column":9}}},"5":{"name":"(anonymous_18)","decl":{"start":{"line":62,"column":22},"end":{"line":62,"column":23}},"loc":{"start":{"line":62,"column":32},"end":{"line":64,"column":7}}},"6":{"name":"(anonymous_19)","decl":{"start":{"line":76,"column":8},"end":{"line":76,"column":19}},"loc":{"start":{"line":76,"column":44},"end":{"line":92,"column":3}}},"7":{"name":"(anonymous_20)","decl":{"start":{"line":98,"column":8},"end":{"line":98,"column":19}},"loc":{"start":{"line":98,"column":44},"end":{"line":114,"column":3}}}},"branchMap":{"0":{"loc":{"start":{"line":30,"column":14},"end":{"line":30,"column":33}},"type":"binary-expr","locations":[{"start":{"line":30,"column":14},"end":{"line":30,"column":27}},{"start":{"line":30,"column":31},"end":{"line":30,"column":33}}]}},"s":{"0":0,"1":0,"2":0,"3":0,"4":0,"5":0,"6":0,"7":0,"8":0,"9":0,"10":0,"11":0,"12":0,"13":0,"14":0,"15":0,"16":0,"17":0,"18":0,"19":0,"20":0,"21":0,"22":0,"23":0,"24":0,"25":0,"26":0,"27":0,"28":0,"29":0,"30":0,"31":0,"32":0,"33":0,"34":0,"35":0,"36":0,"37":0,"38":0},"f":{"0":0,"1":0,"2":0,"3":0,"4":0,"5":0,"6":0,"7":0},"b":{"0":[0,0]}}
,"D:\\智能看板\\logistics-backend\\src\\logistics-proxy\\logistics-proxy.module.ts": {"path":"D:\\智能看板\\logistics-backend\\src\\logistics-proxy\\logistics-proxy.module.ts","statementMap":{"0":{"start":{"line":1,"column":0},"end":{"line":1,"column":40}},"1":{"start":{"line":2,"column":0},"end":{"line":2,"column":72}},"2":{"start":{"line":7,"column":7},"end":{"line":7,"column":null}},"3":{"start":{"line":7,"column":13},"end":{"line":7,"column":33}},"4":{"start":{"line":7,"column":13},"end":{"line":7,"column":null}}},"fnMap":{},"branchMap":{},"s":{"0":0,"1":0,"2":0,"3":0,"4":0},"f":{},"b":{}}
,"D:\\智能看板\\logistics-backend\\src\\operation-logs\\operation-logs.module.ts": {"path":"D:\\智能看板\\logistics-backend\\src\\operation-logs\\operation-logs.module.ts","statementMap":{"0":{"start":{"line":1,"column":0},"end":{"line":1,"column":40}},"1":{"start":{"line":2,"column":0},"end":{"line":2,"column":48}},"2":{"start":{"line":3,"column":0},"end":{"line":3,"column":63}},"3":{"start":{"line":4,"column":0},"end":{"line":4,"column":73}},"4":{"start":{"line":5,"column":0},"end":{"line":5,"column":83}},"5":{"start":{"line":6,"column":0},"end":{"line":6,"column":82}},"6":{"start":{"line":14,"column":7},"end":{"line":14,"column":null}},"7":{"start":{"line":14,"column":13},"end":{"line":14,"column":32}},"8":{"start":{"line":14,"column":13},"end":{"line":14,"column":null}}},"fnMap":{},"branchMap":{},"s":{"0":0,"1":0,"2":0,"3":0,"4":0,"5":0,"6":0,"7":0,"8":0},"f":{},"b":{}}
,"D:\\智能看板\\logistics-backend\\src\\operation-logs\\controllers\\operation-logs.controller.ts": {"path":"D:\\智能看板\\logistics-backend\\src\\operation-logs\\controllers\\operation-logs.controller.ts","statementMap":{"0":{"start":{"line":1,"column":0},"end":{"line":1,"column":67}},"1":{"start":{"line":2,"column":0},"end":{"line":2,"column":74}},"2":{"start":{"line":3,"column":0},"end":{"line":3,"column":64}},"3":{"start":{"line":8,"column":7},"end":{"line":17,"column":null}},"4":{"start":{"line":9,"column":31},"end":{"line":9,"column":53}},"5":{"start":{"line":14,"column":19},"end":{"line":14,"column":65}},"6":{"start":{"line":15,"column":4},"end":{"line":15,"column":43}},"7":{"start":{"line":8,"column":13},"end":{"line":8,"column":36}},"8":{"start":{"line":13,"column":8},"end":{"line":16,"column":null}},"9":{"start":{"line":8,"column":13},"end":{"line":17,"column":null}}},"fnMap":{"0":{"name":"(anonymous_4)","decl":{"start":{"line":9,"column":2},"end":{"line":9,"column":31}},"loc":{"start":{"line":9,"column":73},"end":{"line":9,"column":77}}},"1":{"name":"(anonymous_5)","decl":{"start":{"line":13,"column":8},"end":{"line":13,"column":15}},"loc":{"start":{"line":13,"column":30},"end":{"line":16,"column":3}}}},"branchMap":{"0":{"loc":{"start":{"line":9,"column":53},"end":{"line":9,"column":76}},"type":"cond-expr","locations":[{"start":{"line":9,"column":73},"end":{"line":9,"column":76}},{"start":{"line":9,"column":73},"end":{"line":9,"column":76}}]},"1":{"loc":{"start":{"line":9,"column":53},"end":{"line":9,"column":73}},"type":"binary-expr","locations":[{"start":{"line":9,"column":53},"end":{"line":9,"column":76}},{"start":{"line":9,"column":53},"end":{"line":9,"column":73}}]}},"s":{"0":0,"1":0,"2":0,"3":0,"4":0,"5":0,"6":0,"7":0,"8":0,"9":0},"f":{"0":0,"1":0},"b":{"0":[0,0],"1":[0,0]}}
,"D:\\智能看板\\logistics-backend\\src\\operation-logs\\entities\\operation-log.entity.ts": {"path":"D:\\智能看板\\logistics-backend\\src\\operation-logs\\entities\\operation-log.entity.ts","statementMap":{"0":{"start":{"line":1,"column":0},"end":{"line":1,"column":83}},"1":{"start":{"line":3,"column":0},"end":{"line":3,"column":null}},"2":{"start":{"line":4,"column":2},"end":{"line":4,"column":null}},"3":{"start":{"line":5,"column":2},"end":{"line":5,"column":null}},"4":{"start":{"line":6,"column":2},"end":{"line":6,"column":null}},"5":{"start":{"line":7,"column":2},"end":{"line":7,"column":null}},"6":{"start":{"line":8,"column":2},"end":{"line":8,"column":null}},"7":{"start":{"line":9,"column":2},"end":{"line":9,"column":null}},"8":{"start":{"line":10,"column":2},"end":{"line":10,"column":null}},"9":{"start":{"line":11,"column":2},"end":{"line":11,"column":null}},"10":{"start":{"line":12,"column":2},"end":{"line":12,"column":null}},"11":{"start":{"line":15,"column":0},"end":{"line":15,"column":null}},"12":{"start":{"line":16,"column":2},"end":{"line":16,"column":null}},"13":{"start":{"line":17,"column":2},"end":{"line":17,"column":null}},"14":{"start":{"line":18,"column":2},"end":{"line":18,"column":null}},"15":{"start":{"line":19,"column":2},"end":{"line":19,"column":null}},"16":{"start":{"line":23,"column":7},"end":{"line":50,"column":null}},"17":{"start":{"line":23,"column":13},"end":{"line":23,"column":25}},"18":{"start":{"line":25,"column":2},"end":{"line":25,"column":null}},"19":{"start":{"line":28,"column":2},"end":{"line":28,"column":null}},"20":{"start":{"line":31,"column":2},"end":{"line":31,"column":null}},"21":{"start":{"line":34,"column":2},"end":{"line":34,"column":null}},"22":{"start":{"line":37,"column":2},"end":{"line":37,"column":null}},"23":{"start":{"line":40,"column":2},"end":{"line":40,"column":null}},"24":{"start":{"line":43,"column":2},"end":{"line":43,"column":null}},"25":{"start":{"line":46,"column":2},"end":{"line":46,"column":null}},"26":{"start":{"line":49,"column":2},"end":{"line":49,"column":null}},"27":{"start":{"line":23,"column":13},"end":{"line":50,"column":null}}},"fnMap":{"0":{"name":"(anonymous_2)","decl":{"start":{"line":3,"column":0},"end":{"line":3,"column":12}},"loc":{"start":{"line":3,"column":25},"end":{"line":13,"column":1}}},"1":{"name":"(anonymous_3)","decl":{"start":{"line":15,"column":0},"end":{"line":15,"column":12}},"loc":{"start":{"line":15,"column":22},"end":{"line":20,"column":1}}}},"branchMap":{"0":{"loc":{"start":{"line":3,"column":12},"end":{"line":3,"column":null}},"type":"binary-expr","locations":[{"start":{"line":3,"column":12},"end":{"line":3,"column":25}},{"start":{"line":3,"column":25},"end":{"line":3,"column":null}}]},"1":{"loc":{"start":{"line":15,"column":12},"end":{"line":15,"column":null}},"type":"binary-expr","locations":[{"start":{"line":15,"column":12},"end":{"line":15,"column":22}},{"start":{"line":15,"column":22},"end":{"line":15,"column":null}}]},"2":{"loc":{"start":{"line":49,"column":14},"end":{"line":49,"column":19}},"type":"cond-expr","locations":[{"start":{"line":49,"column":18},"end":{"line":49,"column":19}},{"start":{"line":49,"column":18},"end":{"line":49,"column":19}}]},"3":{"loc":{"start":{"line":49,"column":14},"end":{"line":49,"column":18}},"type":"binary-expr","locations":[{"start":{"line":49,"column":14},"end":{"line":49,"column":19}},{"start":{"line":49,"column":14},"end":{"line":49,"column":18}}]}},"s":{"0":0,"1":0,"2":0,"3":0,"4":0,"5":0,"6":0,"7":0,"8":0,"9":0,"10":0,"11":0,"12":0,"13":0,"14":0,"15":0,"16":0,"17":0,"18":0,"19":0,"20":0,"21":0,"22":0,"23":0,"24":0,"25":0,"26":0,"27":0},"f":{"0":0,"1":0},"b":{"0":[0,0],"1":[0,0],"2":[0,0],"3":[0,0]}}
,"D:\\智能看板\\logistics-backend\\src\\operation-logs\\interceptors\\operation-log.interceptor.ts": {"path":"D:\\智能看板\\logistics-backend\\src\\operation-logs\\interceptors\\operation-log.interceptor.ts","statementMap":{"0":{"start":{"line":1,"column":0},"end":{"line":1,"column":100}},"1":{"start":{"line":3,"column":0},"end":{"line":3,"column":37}},"2":{"start":{"line":4,"column":0},"end":{"line":4,"column":74}},"3":{"start":{"line":5,"column":0},"end":{"line":5,"column":77}},"4":{"start":{"line":8,"column":7},"end":{"line":124,"column":null}},"5":{"start":{"line":10,"column":12},"end":{"line":10,"column":34}},"6":{"start":{"line":11,"column":46},"end":{"line":11,"column":57}},"7":{"start":{"line":15,"column":20},"end":{"line":15,"column":55}},"8":{"start":{"line":16,"column":21},"end":{"line":16,"column":57}},"9":{"start":{"line":19,"column":44},"end":{"line":19,"column":51}},"10":{"start":{"line":22,"column":52},"end":{"line":22,"column":95}},"11":{"start":{"line":24,"column":4},"end":{"line":49,"column":6}},"12":{"start":{"line":27,"column":8},"end":{"line":47,"column":9}},"13":{"start":{"line":28,"column":26},"end":{"line":41,"column":12}},"14":{"start":{"line":44,"column":10},"end":{"line":46,"column":13}},"15":{"start":{"line":45,"column":12},"end":{"line":45,"column":80}},"16":{"start":{"line":58,"column":25},"end":{"line":58,"column":66}},"17":{"start":{"line":58,"column":58},"end":{"line":58,"column":65}},"18":{"start":{"line":59,"column":21},"end":{"line":59,"column":73}},"19":{"start":{"line":59,"column":55},"end":{"line":59,"column":72}},"20":{"start":{"line":61,"column":4},"end":{"line":63,"column":5}},"21":{"start":{"line":62,"column":6},"end":{"line":62,"column":105}},"22":{"start":{"line":65,"column":21},"end":{"line":65,"column":47}},"23":{"start":{"line":66,"column":21},"end":{"line":66,"column":47}},"24":{"start":{"line":70,"column":4},"end":{"line":85,"column":5}},"25":{"start":{"line":72,"column":8},"end":{"line":72,"column":45}},"26":{"start":{"line":73,"column":8},"end":{"line":73,"column":14}},"27":{"start":{"line":76,"column":8},"end":{"line":76,"column":45}},"28":{"start":{"line":77,"column":8},"end":{"line":77,"column":14}},"29":{"start":{"line":79,"column":8},"end":{"line":79,"column":45}},"30":{"start":{"line":80,"column":8},"end":{"line":80,"column":14}},"31":{"start":{"line":84,"column":8},"end":{"line":84,"column":74}},"32":{"start":{"line":89,"column":4},"end":{"line":101,"column":5}},"33":{"start":{"line":91,"column":8},"end":{"line":91,"column":38}},"34":{"start":{"line":92,"column":8},"end":{"line":92,"column":14}},"35":{"start":{"line":94,"column":8},"end":{"line":94,"column":37}},"36":{"start":{"line":95,"column":8},"end":{"line":95,"column":14}},"37":{"start":{"line":97,"column":8},"end":{"line":97,"column":43}},"38":{"start":{"line":98,"column":8},"end":{"line":98,"column":14}},"39":{"start":{"line":100,"column":8},"end":{"line":100,"column":39}},"40":{"start":{"line":103,"column":4},"end":{"line":103,"column":51}},"41":{"start":{"line":108,"column":4},"end":{"line":108,"column":27}},"42":{"start":{"line":108,"column":15},"end":{"line":108,"column":27}},"43":{"start":{"line":110,"column":26},"end":{"line":110,"column":37}},"44":{"start":{"line":113,"column":4},"end":{"line":115,"column":5}},"45":{"start":{"line":114,"column":6},"end":{"line":114,"column":36}},"46":{"start":{"line":118,"column":4},"end":{"line":120,"column":5}},"47":{"start":{"line":119,"column":6},"end":{"line":119,"column":71}},"48":{"start":{"line":122,"column":4},"end":{"line":122,"column":25}},"49":{"start":{"line":8,"column":13},"end":{"line":8,"column":36}},"50":{"start":{"line":8,"column":13},"end":{"line":124,"column":null}}},"fnMap":{"0":{"name":"(anonymous_4)","decl":{"start":{"line":9,"column":2},"end":{"line":9,"column":null}},"loc":{"start":{"line":11,"column":57},"end":{"line":12,"column":6}}},"1":{"name":"(anonymous_5)","decl":{"start":{"line":14,"column":2},"end":{"line":14,"column":11}},"loc":{"start":{"line":14,"column":56},"end":{"line":50,"column":3}}},"2":{"name":"(anonymous_6)","decl":{"start":{"line":25,"column":10},"end":{"line":25,"column":13}},"loc":{"start":{"line":25,"column":15},"end":{"line":48,"column":7}}},"3":{"name":"(anonymous_7)","decl":{"start":{"line":44,"column":61},"end":{"line":44,"column":66}},"loc":{"start":{"line":44,"column":69},"end":{"line":46,"column":11}}},"4":{"name":"(anonymous_8)","decl":{"start":{"line":52,"column":10},"end":{"line":52,"column":29}},"loc":{"start":{"line":52,"column":68},"end":{"line":104,"column":3}}},"5":{"name":"(anonymous_9)","decl":{"start":{"line":58,"column":47},"end":{"line":58,"column":54}},"loc":{"start":{"line":58,"column":58},"end":{"line":58,"column":65}}},"6":{"name":"(anonymous_10)","decl":{"start":{"line":59,"column":44},"end":{"line":59,"column":51}},"loc":{"start":{"line":59,"column":55},"end":{"line":59,"column":72}}},"7":{"name":"(anonymous_11)","decl":{"start":{"line":106,"column":10},"end":{"line":106,"column":22}},"loc":{"start":{"line":106,"column":55},"end":{"line":123,"column":3}}}},"branchMap":{"0":{"loc":{"start":{"line":27,"column":8},"end":{"line":47,"column":9}},"type":"if","locations":[{"start":{"line":27,"column":8},"end":{"line":47,"column":9}},{"start":{},"end":{}}]},"1":{"loc":{"start":{"line":27,"column":12},"end":{"line":27,"column":67}},"type":"binary-expr","locations":[{"start":{"line":27,"column":12},"end":{"line":27,"column":38}},{"start":{"line":27,"column":42},"end":{"line":27,"column":67}}]},"2":{"loc":{"start":{"line":61,"column":4},"end":{"line":63,"column":5}},"type":"if","locations":[{"start":{"line":61,"column":4},"end":{"line":63,"column":5}},{"start":{},"end":{}}]},"3":{"loc":{"start":{"line":70,"column":4},"end":{"line":85,"column":5}},"type":"switch","locations":[{"start":{"line":71,"column":6},"end":{"line":73,"column":14}},{"start":{"line":74,"column":6},"end":{"line":74,"column":17}},{"start":{"line":75,"column":6},"end":{"line":77,"column":14}},{"start":{"line":78,"column":6},"end":{"line":80,"column":14}},{"start":{"line":81,"column":6},"end":{"line":81,"column":17}},{"start":{"line":82,"column":6},"end":{"line":84,"column":74}}]},"4":{"loc":{"start":{"line":89,"column":4},"end":{"line":101,"column":5}},"type":"switch","locations":[{"start":{"line":90,"column":6},"end":{"line":92,"column":14}},{"start":{"line":93,"column":6},"end":{"line":95,"column":14}},{"start":{"line":96,"column":6},"end":{"line":98,"column":14}},{"start":{"line":99,"column":6},"end":{"line":100,"column":39}}]},"5":{"loc":{"start":{"line":108,"column":4},"end":{"line":108,"column":27}},"type":"if","locations":[{"start":{"line":108,"column":4},"end":{"line":108,"column":27}},{"start":{},"end":{}}]},"6":{"loc":{"start":{"line":113,"column":4},"end":{"line":115,"column":5}},"type":"if","locations":[{"start":{"line":113,"column":4},"end":{"line":115,"column":5}},{"start":{},"end":{}}]},"7":{"loc":{"start":{"line":118,"column":4},"end":{"line":120,"column":5}},"type":"if","locations":[{"start":{"line":118,"column":4},"end":{"line":120,"column":5}},{"start":{},"end":{}}]},"8":{"loc":{"start":{"line":118,"column":8},"end":{"line":118,"column":70}},"type":"binary-expr","locations":[{"start":{"line":118,"column":8},"end":{"line":118,"column":46}},{"start":{"line":118,"column":50},"end":{"line":118,"column":70}}]},"9":{"loc":{"start":{"line":10,"column":34},"end":{"line":10,"column":null}},"type":"cond-expr","locations":[{"start":{"line":10,"column":54},"end":{"line":10,"column":null}},{"start":{"line":10,"column":54},"end":{"line":10,"column":null}}]},"10":{"loc":{"start":{"line":10,"column":34},"end":{"line":10,"column":54}},"type":"binary-expr","locations":[{"start":{"line":10,"column":34},"end":{"line":10,"column":null}},{"start":{"line":10,"column":34},"end":{"line":10,"column":54}}]}},"s":{"0":0,"1":0,"2":0,"3":0,"4":0,"5":0,"6":0,"7":0,"8":0,"9":0,"10":0,"11":0,"12":0,"13":0,"14":0,"15":0,"16":0,"17":0,"18":0,"19":0,"20":0,"21":0,"22":0,"23":0,"24":0,"25":0,"26":0,"27":0,"28":0,"29":0,"30":0,"31":0,"32":0,"33":0,"34":0,"35":0,"36":0,"37":0,"38":0,"39":0,"40":0,"41":0,"42":0,"43":0,"44":0,"45":0,"46":0,"47":0,"48":0,"49":0,"50":0},"f":{"0":0,"1":0,"2":0,"3":0,"4":0,"5":0,"6":0,"7":0},"b":{"0":[0,0],"1":[0,0],"2":[0,0],"3":[0,0,0,0,0,0],"4":[0,0,0,0],"5":[0,0],"6":[0,0],"7":[0,0],"8":[0,0],"9":[0,0],"10":[0,0]}}
,"D:\\智能看板\\logistics-backend\\src\\operation-logs\\services\\operation-logs.service.ts": {"path":"D:\\智能看板\\logistics-backend\\src\\operation-logs\\services\\operation-logs.service.ts","statementMap":{"0":{"start":{"line":1,"column":0},"end":{"line":1,"column":44}},"1":{"start":{"line":2,"column":0},"end":{"line":2,"column":51}},"2":{"start":{"line":3,"column":0},"end":{"line":3,"column":37}},"3":{"start":{"line":4,"column":0},"end":{"line":4,"column":64}},"4":{"start":{"line":7,"column":7},"end":{"line":57,"column":null}},"5":{"start":{"line":10,"column":12},"end":{"line":10,"column":37}},"6":{"start":{"line":14,"column":16},"end":{"line":14,"column":60}},"7":{"start":{"line":15,"column":22},"end":{"line":15,"column":66}},"8":{"start":{"line":17,"column":4},"end":{"line":17,"column":63}},"9":{"start":{"line":21,"column":78},"end":{"line":21,"column":83}},"10":{"start":{"line":22,"column":19},"end":{"line":22,"column":37}},"11":{"start":{"line":24,"column":25},"end":{"line":25,"column":40}},"12":{"start":{"line":27,"column":4},"end":{"line":29,"column":5}},"13":{"start":{"line":28,"column":6},"end":{"line":28,"column":102}},"14":{"start":{"line":31,"column":4},"end":{"line":33,"column":5}},"15":{"start":{"line":32,"column":6},"end":{"line":32,"column":90}},"16":{"start":{"line":35,"column":4},"end":{"line":40,"column":5}},"17":{"start":{"line":36,"column":6},"end":{"line":39,"column":9}},"18":{"start":{"line":42,"column":26},"end":{"line":45,"column":24}},"19":{"start":{"line":47,"column":4},"end":{"line":55,"column":6}},"20":{"start":{"line":7,"column":13},"end":{"line":7,"column":33}},"21":{"start":{"line":7,"column":13},"end":{"line":57,"column":null}}},"fnMap":{"0":{"name":"(anonymous_4)","decl":{"start":{"line":8,"column":2},"end":{"line":8,"column":null}},"loc":{"start":{"line":10,"column":61},"end":{"line":11,"column":6}}},"1":{"name":"(anonymous_5)","decl":{"start":{"line":13,"column":2},"end":{"line":13,"column":7}},"loc":{"start":{"line":13,"column":30},"end":{"line":18,"column":3}}},"2":{"name":"(anonymous_6)","decl":{"start":{"line":20,"column":2},"end":{"line":20,"column":7}},"loc":{"start":{"line":20,"column":26},"end":{"line":56,"column":3}}}},"branchMap":{"0":{"loc":{"start":{"line":17,"column":11},"end":{"line":17,"column":62}},"type":"cond-expr","locations":[{"start":{"line":17,"column":38},"end":{"line":17,"column":50}},{"start":{"line":17,"column":53},"end":{"line":17,"column":62}}]},"1":{"loc":{"start":{"line":21,"column":12},"end":{"line":21,"column":20}},"type":"default-arg","locations":[{"start":{"line":21,"column":19},"end":{"line":21,"column":20}}]},"2":{"loc":{"start":{"line":21,"column":22},"end":{"line":21,"column":32}},"type":"default-arg","locations":[{"start":{"line":21,"column":30},"end":{"line":21,"column":32}}]},"3":{"loc":{"start":{"line":27,"column":4},"end":{"line":29,"column":5}},"type":"if","locations":[{"start":{"line":27,"column":4},"end":{"line":29,"column":5}},{"start":{},"end":{}}]},"4":{"loc":{"start":{"line":31,"column":4},"end":{"line":33,"column":5}},"type":"if","locations":[{"start":{"line":31,"column":4},"end":{"line":33,"column":5}},{"start":{},"end":{}}]},"5":{"loc":{"start":{"line":35,"column":4},"end":{"line":40,"column":5}},"type":"if","locations":[{"start":{"line":35,"column":4},"end":{"line":40,"column":5}},{"start":{},"end":{}}]},"6":{"loc":{"start":{"line":10,"column":37},"end":{"line":10,"column":61}},"type":"cond-expr","locations":[{"start":{"line":10,"column":47},"end":{"line":10,"column":61}},{"start":{"line":10,"column":47},"end":{"line":10,"column":61}}]},"7":{"loc":{"start":{"line":10,"column":37},"end":{"line":10,"column":47}},"type":"binary-expr","locations":[{"start":{"line":10,"column":37},"end":{"line":10,"column":61}},{"start":{"line":10,"column":37},"end":{"line":10,"column":47}}]}},"s":{"0":0,"1":0,"2":0,"3":0,"4":0,"5":0,"6":0,"7":0,"8":0,"9":0,"10":0,"11":0,"12":0,"13":0,"14":0,"15":0,"16":0,"17":0,"18":0,"19":0,"20":0,"21":0},"f":{"0":0,"1":0,"2":0},"b":{"0":[0,0],"1":[0],"2":[0],"3":[0,0],"4":[0,0],"5":[0,0],"6":[0,0],"7":[0,0]}}
,"D:\\智能看板\\logistics-backend\\src\\orders\\orders.module.ts": {"path":"D:\\智能看板\\logistics-backend\\src\\orders\\orders.module.ts","statementMap":{"0":{"start":{"line":1,"column":0},"end":{"line":1,"column":40}},"1":{"start":{"line":2,"column":0},"end":{"line":2,"column":48}},"2":{"start":{"line":3,"column":0},"end":{"line":3,"column":48}},"3":{"start":{"line":4,"column":0},"end":{"line":4,"column":58}},"4":{"start":{"line":5,"column":0},"end":{"line":5,"column":67}},"5":{"start":{"line":12,"column":7},"end":{"line":12,"column":null}},"6":{"start":{"line":12,"column":13},"end":{"line":12,"column":25}},"7":{"start":{"line":12,"column":13},"end":{"line":12,"column":null}}},"fnMap":{},"branchMap":{},"s":{"0":0,"1":0,"2":0,"3":0,"4":0,"5":0,"6":0,"7":0},"f":{},"b":{}}
,"D:\\智能看板\\logistics-backend\\src\\orders\\controllers\\orders.controller.ts": {"path":"D:\\智能看板\\logistics-backend\\src\\orders\\controllers\\orders.controller.ts","statementMap":{"0":{"start":{"line":1,"column":0},"end":{"line":1,"column":99}},"1":{"start":{"line":2,"column":0},"end":{"line":2,"column":59}},"2":{"start":{"line":3,"column":0},"end":{"line":3,"column":64}},"3":{"start":{"line":5,"column":0},"end":{"line":5,"column":57}},"4":{"start":{"line":6,"column":0},"end":{"line":6,"column":57}},"5":{"start":{"line":7,"column":0},"end":{"line":7,"column":59}},"6":{"start":{"line":12,"column":7},"end":{"line":74,"column":null}},"7":{"start":{"line":13,"column":31},"end":{"line":13,"column":46}},"8":{"start":{"line":17,"column":19},"end":{"line":17,"column":60}},"9":{"start":{"line":18,"column":4},"end":{"line":18,"column":43}},"10":{"start":{"line":23,"column":18},"end":{"line":23,"column":67}},"11":{"start":{"line":24,"column":4},"end":{"line":24,"column":46}},"12":{"start":{"line":29,"column":18},"end":{"line":29,"column":70}},"13":{"start":{"line":30,"column":4},"end":{"line":30,"column":46}},"14":{"start":{"line":35,"column":18},"end":{"line":35,"column":82}},"15":{"start":{"line":36,"column":4},"end":{"line":36,"column":46}},"16":{"start":{"line":41,"column":18},"end":{"line":41,"column":89}},"17":{"start":{"line":42,"column":4},"end":{"line":42,"column":46}},"18":{"start":{"line":47,"column":18},"end":{"line":47,"column":67}},"19":{"start":{"line":48,"column":4},"end":{"line":48,"column":46}},"20":{"start":{"line":53,"column":18},"end":{"line":53,"column":67}},"21":{"start":{"line":54,"column":4},"end":{"line":54,"column":46}},"22":{"start":{"line":59,"column":4},"end":{"line":59,"column":53}},"23":{"start":{"line":60,"column":4},"end":{"line":60,"column":48}},"24":{"start":{"line":65,"column":19},"end":{"line":65,"column":69}},"25":{"start":{"line":66,"column":4},"end":{"line":66,"column":43}},"26":{"start":{"line":71,"column":19},"end":{"line":71,"column":65}},"27":{"start":{"line":72,"column":4},"end":{"line":72,"column":47}},"28":{"start":{"line":12,"column":13},"end":{"line":12,"column":29}},"29":{"start":{"line":16,"column":8},"end":{"line":19,"column":null}},"30":{"start":{"line":22,"column":8},"end":{"line":25,"column":null}},"31":{"start":{"line":28,"column":8},"end":{"line":31,"column":null}},"32":{"start":{"line":34,"column":8},"end":{"line":37,"column":null}},"33":{"start":{"line":40,"column":8},"end":{"line":43,"column":null}},"34":{"start":{"line":46,"column":8},"end":{"line":49,"column":null}},"35":{"start":{"line":52,"column":8},"end":{"line":55,"column":null}},"36":{"start":{"line":58,"column":8},"end":{"line":61,"column":null}},"37":{"start":{"line":64,"column":8},"end":{"line":67,"column":null}},"38":{"start":{"line":70,"column":8},"end":{"line":73,"column":null}},"39":{"start":{"line":12,"column":13},"end":{"line":74,"column":null}}},"fnMap":{"0":{"name":"(anonymous_4)","decl":{"start":{"line":13,"column":2},"end":{"line":13,"column":31}},"loc":{"start":{"line":13,"column":59},"end":{"line":13,"column":63}}},"1":{"name":"(anonymous_5)","decl":{"start":{"line":16,"column":8},"end":{"line":16,"column":15}},"loc":{"start":{"line":16,"column":30},"end":{"line":19,"column":3}}},"2":{"name":"(anonymous_6)","decl":{"start":{"line":22,"column":8},"end":{"line":22,"column":15}},"loc":{"start":{"line":22,"column":39},"end":{"line":25,"column":3}}},"3":{"name":"(anonymous_7)","decl":{"start":{"line":28,"column":8},"end":{"line":28,"column":14}},"loc":{"start":{"line":28,"column":53},"end":{"line":31,"column":3}}},"4":{"name":"(anonymous_8)","decl":{"start":{"line":34,"column":8},"end":{"line":34,"column":14}},"loc":{"start":{"line":34,"column":78},"end":{"line":37,"column":3}}},"5":{"name":"(anonymous_9)","decl":{"start":{"line":40,"column":8},"end":{"line":40,"column":20}},"loc":{"start":{"line":40,"column":86},"end":{"line":43,"column":3}}},"6":{"name":"(anonymous_10)","decl":{"start":{"line":46,"column":8},"end":{"line":46,"column":15}},"loc":{"start":{"line":46,"column":39},"end":{"line":49,"column":3}}},"7":{"name":"(anonymous_11)","decl":{"start":{"line":52,"column":8},"end":{"line":52,"column":15}},"loc":{"start":{"line":52,"column":39},"end":{"line":55,"column":3}}},"8":{"name":"(anonymous_12)","decl":{"start":{"line":58,"column":8},"end":{"line":58,"column":14}},"loc":{"start":{"line":58,"column":38},"end":{"line":61,"column":3}}},"9":{"name":"(anonymous_13)","decl":{"start":{"line":64,"column":8},"end":{"line":64,"column":14}},"loc":{"start":{"line":64,"column":46},"end":{"line":67,"column":3}}},"10":{"name":"(anonymous_14)","decl":{"start":{"line":70,"column":8},"end":{"line":70,"column":14}},"loc":{"start":{"line":70,"column":31},"end":{"line":73,"column":3}}}},"branchMap":{"0":{"loc":{"start":{"line":28,"column":39},"end":{"line":28,"column":null}},"type":"cond-expr","locations":[{"start":{"line":28,"column":53},"end":{"line":28,"column":null}},{"start":{"line":28,"column":53},"end":{"line":28,"column":null}}]},"1":{"loc":{"start":{"line":28,"column":39},"end":{"line":28,"column":53}},"type":"binary-expr","locations":[{"start":{"line":28,"column":39},"end":{"line":28,"column":null}},{"start":{"line":28,"column":39},"end":{"line":28,"column":53}}]},"2":{"loc":{"start":{"line":34,"column":64},"end":{"line":34,"column":null}},"type":"cond-expr","locations":[{"start":{"line":34,"column":78},"end":{"line":34,"column":null}},{"start":{"line":34,"column":78},"end":{"line":34,"column":null}}]},"3":{"loc":{"start":{"line":34,"column":64},"end":{"line":34,"column":78}},"type":"binary-expr","locations":[{"start":{"line":34,"column":64},"end":{"line":34,"column":null}},{"start":{"line":34,"column":64},"end":{"line":34,"column":78}}]},"4":{"loc":{"start":{"line":40,"column":71},"end":{"line":40,"column":null}},"type":"cond-expr","locations":[{"start":{"line":40,"column":86},"end":{"line":40,"column":null}},{"start":{"line":40,"column":86},"end":{"line":40,"column":null}}]},"5":{"loc":{"start":{"line":40,"column":71},"end":{"line":40,"column":86}},"type":"binary-expr","locations":[{"start":{"line":40,"column":71},"end":{"line":40,"column":null}},{"start":{"line":40,"column":71},"end":{"line":40,"column":86}}]},"6":{"loc":{"start":{"line":13,"column":46},"end":{"line":13,"column":62}},"type":"cond-expr","locations":[{"start":{"line":13,"column":59},"end":{"line":13,"column":62}},{"start":{"line":13,"column":59},"end":{"line":13,"column":62}}]},"7":{"loc":{"start":{"line":13,"column":46},"end":{"line":13,"column":59}},"type":"binary-expr","locations":[{"start":{"line":13,"column":46},"end":{"line":13,"column":62}},{"start":{"line":13,"column":46},"end":{"line":13,"column":59}}]}},"s":{"0":0,"1":0,"2":0,"3":0,"4":0,"5":0,"6":0,"7":0,"8":0,"9":0,"10":0,"11":0,"12":0,"13":0,"14":0,"15":0,"16":0,"17":0,"18":0,"19":0,"20":0,"21":0,"22":0,"23":0,"24":0,"25":0,"26":0,"27":0,"28":0,"29":0,"30":0,"31":0,"32":0,"33":0,"34":0,"35":0,"36":0,"37":0,"38":0,"39":0},"f":{"0":0,"1":0,"2":0,"3":0,"4":0,"5":0,"6":0,"7":0,"8":0,"9":0,"10":0},"b":{"0":[0,0],"1":[0,0],"2":[0,0],"3":[0,0],"4":[0,0],"5":[0,0],"6":[0,0],"7":[0,0]}}
,"D:\\智能看板\\logistics-backend\\src\\orders\\dto\\create-order.dto.ts": {"path":"D:\\智能看板\\logistics-backend\\src\\orders\\dto\\create-order.dto.ts","statementMap":{"0":{"start":{"line":1,"column":0},"end":{"line":1,"column":109}},"1":{"start":{"line":2,"column":0},"end":{"line":2,"column":41}},"2":{"start":{"line":3,"column":0},"end":{"line":3,"column":70}},"3":{"start":{"line":4,"column":0},"end":{"line":4,"column":54}},"4":{"start":{"line":6,"column":0},"end":{"line":6,"column":13}},"5":{"start":{"line":8,"column":2},"end":{"line":8,"column":null}},"6":{"start":{"line":10,"column":2},"end":{"line":10,"column":null}},"7":{"start":{"line":12,"column":2},"end":{"line":12,"column":null}},"8":{"start":{"line":14,"column":2},"end":{"line":14,"column":null}},"9":{"start":{"line":16,"column":2},"end":{"line":16,"column":null}},"10":{"start":{"line":21,"column":2},"end":{"line":21,"column":null}},"11":{"start":{"line":20,"column":14},"end":{"line":20,"column":29}}},"fnMap":{"0":{"name":"(anonymous_2)","decl":{"start":{"line":20,"column":8},"end":{"line":20,"column":11}},"loc":{"start":{"line":20,"column":14},"end":{"line":20,"column":29}}}},"branchMap":{"0":{"loc":{"start":{"line":14,"column":11},"end":{"line":14,"column":23}},"type":"cond-expr","locations":[{"start":{"line":14,"column":22},"end":{"line":14,"column":23}},{"start":{"line":14,"column":22},"end":{"line":14,"column":23}}]},"1":{"loc":{"start":{"line":14,"column":11},"end":{"line":14,"column":22}},"type":"binary-expr","locations":[{"start":{"line":14,"column":11},"end":{"line":14,"column":23}},{"start":{"line":14,"column":11},"end":{"line":14,"column":22}}]},"2":{"loc":{"start":{"line":16,"column":19},"end":{"line":16,"column":33}},"type":"cond-expr","locations":[{"start":{"line":16,"column":32},"end":{"line":16,"column":33}},{"start":{"line":16,"column":32},"end":{"line":16,"column":33}}]},"3":{"loc":{"start":{"line":16,"column":19},"end":{"line":16,"column":32}},"type":"binary-expr","locations":[{"start":{"line":16,"column":19},"end":{"line":16,"column":33}},{"start":{"line":16,"column":19},"end":{"line":16,"column":32}}]},"4":{"loc":{"start":{"line":21,"column":12},"end":{"line":21,"column":28}},"type":"cond-expr","locations":[{"start":{"line":21,"column":27},"end":{"line":21,"column":28}},{"start":{"line":21,"column":27},"end":{"line":21,"column":28}}]},"5":{"loc":{"start":{"line":21,"column":12},"end":{"line":21,"column":27}},"type":"binary-expr","locations":[{"start":{"line":21,"column":12},"end":{"line":21,"column":28}},{"start":{"line":21,"column":12},"end":{"line":21,"column":27}}]}},"s":{"0":0,"1":0,"2":0,"3":0,"4":0,"5":0,"6":0,"7":0,"8":0,"9":0,"10":0,"11":0},"f":{"0":0},"b":{"0":[0,0],"1":[0,0],"2":[0,0],"3":[0,0],"4":[0,0],"5":[0,0]}}
,"D:\\智能看板\\logistics-backend\\src\\orders\\dto\\order-details.dto.ts": {"path":"D:\\智能看板\\logistics-backend\\src\\orders\\dto\\order-details.dto.ts","statementMap":{"0":{"start":{"line":1,"column":0},"end":{"line":1,"column":104}},"1":{"start":{"line":2,"column":0},"end":{"line":2,"column":41}},"2":{"start":{"line":4,"column":0},"end":{"line":4,"column":13}},"3":{"start":{"line":6,"column":2},"end":{"line":6,"column":null}},"4":{"start":{"line":9,"column":2},"end":{"line":9,"column":null}},"5":{"start":{"line":12,"column":2},"end":{"line":12,"column":null}},"6":{"start":{"line":15,"column":0},"end":{"line":15,"column":13}},"7":{"start":{"line":18,"column":2},"end":{"line":18,"column":null}},"8":{"start":{"line":22,"column":2},"end":{"line":22,"column":null}},"9":{"start":{"line":26,"column":2},"end":{"line":26,"column":null}},"10":{"start":{"line":30,"column":2},"end":{"line":30,"column":null}},"11":{"start":{"line":34,"column":2},"end":{"line":34,"column":null}},"12":{"start":{"line":38,"column":2},"end":{"line":38,"column":null}},"13":{"start":{"line":44,"column":2},"end":{"line":44,"column":null}},"14":{"start":{"line":43,"column":14},"end":{"line":43,"column":29}}},"fnMap":{"0":{"name":"(anonymous_2)","decl":{"start":{"line":43,"column":8},"end":{"line":43,"column":11}},"loc":{"start":{"line":43,"column":14},"end":{"line":43,"column":29}}}},"branchMap":{},"s":{"0":0,"1":0,"2":0,"3":0,"4":0,"5":0,"6":0,"7":0,"8":0,"9":0,"10":0,"11":0,"12":0,"13":0,"14":0},"f":{"0":0},"b":{}}
,"D:\\智能看板\\logistics-backend\\src\\orders\\dto\\update-order.dto.ts": {"path":"D:\\智能看板\\logistics-backend\\src\\orders\\dto\\update-order.dto.ts","statementMap":{"0":{"start":{"line":1,"column":0},"end":{"line":1,"column":51}},"1":{"start":{"line":2,"column":0},"end":{"line":2,"column":52}},"2":{"start":{"line":4,"column":0},"end":{"line":4,"column":13}}},"fnMap":{},"branchMap":{},"s":{"0":0,"1":0,"2":0},"f":{},"b":{}}
,"D:\\智能看板\\logistics-backend\\src\\orders\\dto\\update-status.dto.ts": {"path":"D:\\智能看板\\logistics-backend\\src\\orders\\dto\\update-status.dto.ts","statementMap":{"0":{"start":{"line":1,"column":0},"end":{"line":1,"column":63}},"1":{"start":{"line":2,"column":0},"end":{"line":2,"column":70}},"2":{"start":{"line":4,"column":0},"end":{"line":4,"column":13}},"3":{"start":{"line":6,"column":2},"end":{"line":6,"column":null}},"4":{"start":{"line":10,"column":2},"end":{"line":10,"column":null}},"5":{"start":{"line":14,"column":2},"end":{"line":14,"column":null}}},"fnMap":{},"branchMap":{"0":{"loc":{"start":{"line":6,"column":10},"end":{"line":6,"column":22}},"type":"cond-expr","locations":[{"start":{"line":6,"column":21},"end":{"line":6,"column":22}},{"start":{"line":6,"column":21},"end":{"line":6,"column":22}}]},"1":{"loc":{"start":{"line":6,"column":10},"end":{"line":6,"column":21}},"type":"binary-expr","locations":[{"start":{"line":6,"column":10},"end":{"line":6,"column":22}},{"start":{"line":6,"column":10},"end":{"line":6,"column":21}}]},"2":{"loc":{"start":{"line":10,"column":19},"end":{"line":10,"column":33}},"type":"cond-expr","locations":[{"start":{"line":10,"column":32},"end":{"line":10,"column":33}},{"start":{"line":10,"column":32},"end":{"line":10,"column":33}}]},"3":{"loc":{"start":{"line":10,"column":19},"end":{"line":10,"column":32}},"type":"binary-expr","locations":[{"start":{"line":10,"column":19},"end":{"line":10,"column":33}},{"start":{"line":10,"column":19},"end":{"line":10,"column":32}}]}},"s":{"0":0,"1":0,"2":0,"3":0,"4":0,"5":0},"f":{},"b":{"0":[0,0],"1":[0,0],"2":[0,0],"3":[0,0]}}
[...]
,"D:\\智能看板\\logistics-backend\\src\\users\\users.module.ts": {"path":"D:\\智能看板\\logistics-backend\\src\\users\\users.module.ts","statementMap":{"0":{"start":{"line":1,"column":0},"end":{"line":1,"column":40}},"1":{"start":{"line":2,"column":0},"end":{"line":2,"column":48}},"2":{"start":{"line":3,"column":0},"end":{"line":3,"column":46}},"3":{"start":{"line":4,"column":0},"end":{"line":4,"column":65}},"4":{"start":{"line":5,"column":0},"end":{"line":5,"column":56}},"5":{"start":{"line":13,"column":7},"end":{"line":13,"column":null}},"6":{"start":{"line":13,"column":13},"end":{"line":13,"column":24}},"7":{"start":{"line":13,"column":13},"end":{"line":13,"column":null}}},"fnMap":{},"branchMap":{},"s":{"0":0,"1":0,"2":0,"3":0,"4":0,"5":0,"6":0,"7":0},"f":{},"b":{}}
,"D:\\智能看板\\logistics-backend\\src\\users\\controllers\\users.controller.ts": {"path":"D:\\智能看板\\logistics-backend\\src\\users\\controllers\\users.controller.ts","statementMap":{"0":{"start":{"line":1,"column":0},"end":{"line":1,"column":92}},"1":{"start":{"line":2,"column":0},"end":{"line":2,"column":57}},"2":{"start":{"line":3,"column":0},"end":{"line":3,"column":64}},"3":{"start":{"line":5,"column":0},"end":{"line":5,"column":55}},"4":{"start":{"line":6,"column":0},"end":{"line":6,"column":55}},"5":{"start":{"line":11,"column":7},"end":{"line":48,"column":null}},"6":{"start":{"line":12,"column":31},"end":{"line":12,"column":45}},"7":{"start":{"line":17,"column":18},"end":{"line":17,"column":55}},"8":{"start":{"line":18,"column":4},"end":{"line":18,"column":46}},"9":{"start":{"line":24,"column":17},"end":{"line":24,"column":64}},"10":{"start":{"line":25,"column":4},"end":{"line":25,"column":45}},"11":{"start":{"line":31,"column":17},"end":{"line":31,"column":66}},"12":{"start":{"line":32,"column":4},"end":{"line":32,"column":45}},"13":{"start":{"line":38,"column":17},"end":{"line":38,"column":78}},"14":{"start":{"line":39,"column":4},"end":{"line":39,"column":45}},"15":{"start":{"line":45,"column":19},"end":{"line":45,"column":65}},"16":{"start":{"line":46,"column":4},"end":{"line":46,"column":43}},"17":{"start":{"line":11,"column":13},"end":{"line":11,"column":28}},"18":{"start":{"line":16,"column":8},"end":{"line":19,"column":null}},"19":{"start":{"line":23,"column":8},"end":{"line":26,"column":null}},"20":{"start":{"line":30,"column":8},"end":{"line":33,"column":null}},"21":{"start":{"line":37,"column":8},"end":{"line":40,"column":null}},"22":{"start":{"line":44,"column":8},"end":{"line":47,"column":null}},"23":{"start":{"line":11,"column":13},"end":{"line":48,"column":null}}},"fnMap":{"0":{"name":"(anonymous_4)","decl":{"start":{"line":12,"column":2},"end":{"line":12,"column":31}},"loc":{"start":{"line":12,"column":57},"end":{"line":12,"column":61}}},"1":{"name":"(anonymous_5)","decl":{"start":{"line":16,"column":8},"end":{"line":16,"column":15}},"loc":{"start":{"line":16,"column":15},"end":{"line":19,"column":3}}},"2":{"name":"(anonymous_6)","decl":{"start":{"line":23,"column":8},"end":{"line":23,"column":15}},"loc":{"start":{"line":23,"column":39},"end":{"line":26,"column":3}}},"3":{"name":"(anonymous_7)","decl":{"start":{"line":30,"column":8},"end":{"line":30,"column":14}},"loc":{"start":{"line":30,"column":51},"end":{"line":33,"column":3}}},"4":{"name":"(anonymous_8)","decl":{"start":{"line":37,"column":8},"end":{"line":37,"column":14}},"loc":{"start":{"line":37,"column":76},"end":{"line":40,"column":3}}},"5":{"name":"(anonymous_9)","decl":{"start":{"line":44,"column":8},"end":{"line":44,"column":14}},"loc":{"start":{"line":44,"column":38},"end":{"line":47,"column":3}}}},"branchMap":{"0":{"loc":{"start":{"line":30,"column":38},"end":{"line":30,"column":null}},"type":"cond-expr","locations":[{"start":{"line":30,"column":51},"end":{"line":30,"column":null}},{"start":{"line":30,"column":51},"end":{"line":30,"column":null}}]},"1":{"loc":{"start":{"line":30,"column":38},"end":{"line":30,"column":51}},"type":"binary-expr","locations":[{"start":{"line":30,"column":38},"end":{"line":30,"column":null}},{"start":{"line":30,"column":38},"end":{"line":30,"column":51}}]},"2":{"loc":{"start":{"line":37,"column":63},"end":{"line":37,"column":null}},"type":"cond-expr","locations":[{"start":{"line":37,"column":76},"end":{"line":37,"column":null}},{"start":{"line":37,"column":76},"end":{"line":37,"column":null}}]},"3":{"loc":{"start":{"line":37,"column":63},"end":{"line":37,"column":76}},"type":"binary-expr","locations":[{"start":{"line":37,"column":63},"end":{"line":37,"column":null}},{"start":{"line":37,"column":63},"end":{"line":37,"column":76}}]},"4":{"loc":{"start":{"line":12,"column":45},"end":{"line":12,"column":60}},"type":"cond-expr","locations":[{"start":{"line":12,"column":57},"end":{"line":12,"column":60}},{"start":{"line":12,"column":57},"end":{"line":12,"column":60}}]},"5":{"loc":{"start":{"line":12,"column":45},"end":{"line":12,"column":57}},"type":"binary-expr","locations":[{"start":{"line":12,"column":45},"end":{"line":12,"column":60}},{"start":{"line":12,"column":45},"end":{"line":12,"column":57}}]}},"s":{"0":0,"1":0,"2":0,"3":0,"4":0,"5":0,"6":0,"7":0,"8":0,"9":0,"10":0,"11":0,"12":0,"13":0,"14":0,"15":0,"16":0,"17":0,"18":0,"19":0,"20":0,"21":0,"22":0,"23":0},"f":{"0":0,"1":0,"2":0,"3":0,"4":0,"5":0},"b":{"0":[0,0],"1":[0,0],"2":[0,0],"3":[0,0],"4":[0,0],"5":[0,0]}}
,"D:\\智能看板\\logistics-backend\\src\\users\\dto\\create-user.dto.ts": {"path":"D:\\智能看板\\logistics-backend\\src\\users\\dto\\create-user.dto.ts","statementMap":{"0":{"start":{"line":1,"column":0},"end":{"line":1,"column":101}},"1":{"start":{"line":2,"column":0},"end":{"line":2,"column":47}},"2":{"start":{"line":4,"column":0},"end":{"line":4,"column":13}},"3":{"start":{"line":11,"column":2},"end":{"line":11,"column":null}},"4":{"start":{"line":19,"column":2},"end":{"line":19,"column":null}},"5":{"start":{"line":25,"column":2},"end":{"line":25,"column":null}},"6":{"start":{"line":29,"column":2},"end":{"line":29,"column":null}}},"fnMap":{},"branchMap":{"0":{"loc":{"start":{"line":29,"column":9},"end":{"line":29,"column":14}},"type":"cond-expr","locations":[{"start":{"line":29,"column":13},"end":{"line":29,"column":14}},{"start":{"line":29,"column":13},"end":{"line":29,"column":14}}]},"1":{"loc":{"start":{"line":29,"column":9},"end":{"line":29,"column":13}},"type":"binary-expr","locations":[{"start":{"line":29,"column":9},"end":{"line":29,"column":14}},{"start":{"line":29,"column":9},"end":{"line":29,"column":13}}]}},"s":{"0":0,"1":0,"2":0,"3":0,"4":0,"5":0,"6":0},"f":{},"b":{"0":[0,0],"1":[0,0]}}
,"D:\\智能看板\\logistics-backend\\src\\users\\dto\\update-user.dto.ts": {"path":"D:\\智能看板\\logistics-backend\\src\\users\\dto\\update-user.dto.ts","statementMap":{"0":{"start":{"line":1,"column":0},"end":{"line":1,"column":89}},"1":{"start":{"line":2,"column":0},"end":{"line":2,"column":47}},"2":{"start":{"line":4,"column":0},"end":{"line":4,"column":13}},"3":{"start":{"line":11,"column":2},"end":{"line":11,"column":null}},"4":{"start":{"line":19,"column":2},"end":{"line":19,"column":null}},"5":{"start":{"line":25,"column":2},"end":{"line":25,"column":null}},"6":{"start":{"line":29,"column":2},"end":{"line":29,"column":null}}},"fnMap":{},"branchMap":{"0":{"loc":{"start":{"line":29,"column":9},"end":{"line":29,"column":14}},"type":"cond-expr","locations":[{"start":{"line":29,"column":13},"end":{"line":29,"column":14}},{"start":{"line":29,"column":13},"end":{"line":29,"column":14}}]},"1":{"loc":{"start":{"line":29,"column":9},"end":{"line":29,"column":13}},"type":"binary-expr","locations":[{"start":{"line":29,"column":9},"end":{"line":29,"column":14}},{"start":{"line":29,"column":9},"end":{"line":29,"column":13}}]}},"s":{"0":0,"1":0,"2":0,"3":0,"4":0,"5":0,"6":0},"f":{},"b":{"0":[0,0],"1":[0,0]}}
,"D:\\智能看板\\logistics-backend\\src\\users\\entities\\user.entity.ts": {"path":"D:\\智能看板\\logistics-backend\\src\\users\\entities\\user.entity.ts","statementMap":{"0":{"start":{"line":1,"column":0},"end":{"line":1,"column":83}},"1":{"start":{"line":3,"column":0},"end":{"line":3,"column":null}},"2":{"start":{"line":4,"column":2},"end":{"line":4,"column":null}},"3":{"start":{"line":5,"column":2},"end":{"line":5,"column":null}},"4":{"start":{"line":9,"column":7},"end":{"line":27,"column":null}},"5":{"start":{"line":9,"column":13},"end":{"line":9,"column":17}},"6":{"start":{"line":11,"column":2},"end":{"line":11,"column":null}},"7":{"start":{"line":14,"column":2},"end":{"line":14,"column":null}},"8":{"start":{"line":17,"column":2},"end":{"line":17,"column":null}},"9":{"start":{"line":20,"column":2},"end":{"line":20,"column":null}},"10":{"start":{"line":23,"column":2},"end":{"line":23,"column":null}},"11":{"start":{"line":26,"column":2},"end":{"line":26,"column":null}},"12":{"start":{"line":9,"column":13},"end":{"line":27,"column":null}}},"fnMap":{"0":{"name":"(anonymous_2)","decl":{"start":{"line":3,"column":0},"end":{"line":3,"column":12}},"loc":{"start":{"line":3,"column":16},"end":{"line":6,"column":1}}}},"branchMap":{"0":{"loc":{"start":{"line":3,"column":12},"end":{"line":3,"column":null}},"type":"binary-expr","locations":[{"start":{"line":3,"column":12},"end":{"line":3,"column":16}},{"start":{"line":3,"column":16},"end":{"line":3,"column":null}}]},"1":{"loc":{"start":{"line":26,"column":14},"end":{"line":26,"column":19}},"type":"cond-expr","locations":[{"start":{"line":26,"column":18},"end":{"line":26,"column":19}},{"start":{"line":26,"column":18},"end":{"line":26,"column":19}}]},"2":{"loc":{"start":{"line":26,"column":14},"end":{"line":26,"column":18}},"type":"binary-expr","locations":[{"start":{"line":26,"column":14},"end":{"line":26,"column":19}},{"start":{"line":26,"column":14},"end":{"line":26,"column":18}}]}},"s":{"0":1,"1":1,"2":1,"3":1,"4":1,"5":1,"6":1,"7":1,"8":1,"9":1,"10":1,"11":1,"12":1},"f":{"0":1},"b":{"0":[1,1],"1":[1,0],"2":[1,1]}}
,"D:\\智能看板\\logistics-backend\\src\\users\\services\\users.service.ts": {"path":"D:\\智能看板\\logistics-backend\\src\\users\\services\\users.service.ts","statementMap":{"0":{"start":{"line":1,"column":0},"end":{"line":1,"column":82}},"1":{"start":{"line":2,"column":0},"end":{"line":2,"column":51}},"2":{"start":{"line":3,"column":0},"end":{"line":3,"column":37}},"3":{"start":{"line":4,"column":0},"end":{"line":4,"column":47}},"4":{"start":{"line":5,"column":0},"end":{"line":5,"column":33}},"5":{"start":{"line":8,"column":7},"end":{"line":111,"column":null}},"6":{"start":{"line":11,"column":21},"end":{"line":11,"column":37}},"7":{"start":{"line":16,"column":18},"end":{"line":16,"column":50}},"8":{"start":{"line":18,"column":4},"end":{"line":18,"column":54}},"9":{"start":{"line":18,"column":48},"end":{"line":18,"column":52}},"10":{"start":{"line":23,"column":17},"end":{"line":23,"column":60}},"11":{"start":{"line":24,"column":4},"end":{"line":26,"column":5}},"12":{"start":{"line":25,"column":6},"end":{"line":25,"column":52}},"13":{"start":{"line":28,"column":36},"end":{"line":28,"column":40}},"14":{"start":{"line":29,"column":4},"end":{"line":29,"column":18}},"15":{"start":{"line":34,"column":17},"end":{"line":34,"column":66}},"16":{"start":{"line":35,"column":4},"end":{"line":37,"column":5}},"17":{"start":{"line":36,"column":6},"end":{"line":36,"column":55}},"18":{"start":{"line":39,"column":36},"end":{"line":39,"column":40}},"19":{"start":{"line":40,"column":4},"end":{"line":40,"column":18}},"20":{"start":{"line":45,"column":17},"end":{"line":45,"column":66}},"21":{"start":{"line":46,"column":4},"end":{"line":48,"column":5}},"22":{"start":{"line":47,"column":6},"end":{"line":47,"column":55}},"23":{"start":{"line":50,"column":4},"end":{"line":50,"column":16}},"24":{"start":{"line":56,"column":25},"end":{"line":56,"column":93}},"25":{"start":{"line":57,"column":4},"end":{"line":59,"column":5}},"26":{"start":{"line":58,"column":6},"end":{"line":58,"column":64}},"27":{"start":{"line":62,"column":4},"end":{"line":64,"column":5}},"28":{"start":{"line":63,"column":6},"end":{"line":63,"column":67}},"29":{"start":{"line":66,"column":17},"end":{"line":66,"column":53}},"30":{"start":{"line":67,"column":24},"end":{"line":67,"column":60}},"31":{"start":{"line":69,"column":36},"end":{"line":69,"column":47}},"32":{"start":{"line":70,"column":4},"end":{"line":70,"column":18}},"33":{"start":{"line":76,"column":17},"end":{"line":76,"column":60}},"34":{"start":{"line":77,"column":4},"end":{"line":79,"column":5}},"35":{"start":{"line":78,"column":6},"end":{"line":78,"column":52}},"36":{"start":{"line":82,"column":4},"end":{"line":87,"column":5}},"37":{"start":{"line":83,"column":27},"end":{"line":83,"column":95}},"38":{"start":{"line":84,"column":6},"end":{"line":86,"column":7}},"39":{"start":{"line":85,"column":8},"end":{"line":85,"column":66}},"40":{"start":{"line":90,"column":4},"end":{"line":92,"column":5}},"41":{"start":{"line":91,"column":6},"end":{"line":91,"column":67}},"42":{"start":{"line":94,"column":4},"end":{"line":94,"column":34}},"43":{"start":{"line":95,"column":24},"end":{"line":95,"column":60}},"44":{"start":{"line":97,"column":36},"end":{"line":97,"column":47}},"45":{"start":{"line":98,"column":4},"end":{"line":98,"column":18}},"46":{"start":{"line":104,"column":17},"end":{"line":104,"column":60}},"47":{"start":{"line":105,"column":4},"end":{"line":107,"column":5}},"48":{"start":{"line":106,"column":6},"end":{"line":106,"column":52}},"49":{"start":{"line":108,"column":4},"end":{"line":108,"column":43}},"50":{"start":{"line":109,"column":4},"end":{"line":109,"column":33}},"51":{"start":{"line":8,"column":13},"end":{"line":8,"column":25}},"52":{"start":{"line":8,"column":13},"end":{"line":111,"column":null}}},"fnMap":{"0":{"name":"(anonymous_13)","decl":{"start":{"line":9,"column":2},"end":{"line":9,"column":null}},"loc":{"start":{"line":11,"column":53},"end":{"line":12,"column":6}}},"1":{"name":"(anonymous_14)","decl":{"start":{"line":15,"column":2},"end":{"line":15,"column":7}},"loc":{"start":{"line":15,"column":19},"end":{"line":19,"column":3}}},"2":{"name":"(anonymous_15)","decl":{"start":{"line":18,"column":21},"end":{"line":18,"column":22}},"loc":{"start":{"line":18,"column":48},"end":{"line":18,"column":52}}},"3":{"name":"(anonymous_16)","decl":{"start":{"line":22,"column":2},"end":{"line":22,"column":7}},"loc":{"start":{"line":22,"column":30},"end":{"line":30,"column":3}}},"4":{"name":"(anonymous_17)","decl":{"start":{"line":33,"column":2},"end":{"line":33,"column":7}},"loc":{"start":{"line":33,"column":42},"end":{"line":41,"column":3}}},"5":{"name":"(anonymous_18)","decl":{"start":{"line":44,"column":2},"end":{"line":44,"column":7}},"loc":{"start":{"line":44,"column":54},"end":{"line":51,"column":3}}},"6":{"name":"(anonymous_19)","decl":{"start":{"line":54,"column":2},"end":{"line":54,"column":7}},"loc":{"start":{"line":54,"column":42},"end":{"line":71,"column":3}}},"7":{"name":"(anonymous_20)","decl":{"start":{"line":74,"column":2},"end":{"line":74,"column":7}},"loc":{"start":{"line":74,"column":54},"end":{"line":99,"column":3}}},"8":{"name":"(anonymous_21)","decl":{"start":{"line":102,"column":2},"end":{"line":102,"column":7}},"loc":{"start":{"line":102,"column":29},"end":{"line":110,"column":3}}}},"branchMap":{"0":{"loc":{"start":{"line":24,"column":4},"end":{"line":26,"column":5}},"type":"if","locations":[{"start":{"line":24,"column":4},"end":{"line":26,"column":5}},{"start":{},"end":{}}]},"1":{"loc":{"start":{"line":35,"column":4},"end":{"line":37,"column":5}},"type":"if","locations":[{"start":{"line":35,"column":4},"end":{"line":37,"column":5}},{"start":{},"end":{}}]},"2":{"loc":{"start":{"line":46,"column":4},"end":{"line":48,"column":5}},"type":"if","locations":[{"start":{"line":46,"column":4},"end":{"line":48,"column":5}},{"start":{},"end":{}}]},"3":{"loc":{"start":{"line":57,"column":4},"end":{"line":59,"column":5}},"type":"if","locations":[{"start":{"line":57,"column":4},"end":{"line":59,"column":5}},{"start":{},"end":{}}]},"4":{"loc":{"start":{"line":62,"column":4},"end":{"line":64,"column":5}},"type":"if","locations":[{"start":{"line":62,"column":4},"end":{"line":64,"column":5}},{"start":{},"end":{}}]},"5":{"loc":{"start":{"line":77,"column":4},"end":{"line":79,"column":5}},"type":"if","locations":[{"start":{"line":77,"column":4},"end":{"line":79,"column":5}},{"start":{},"end":{}}]},"6":{"loc":{"start":{"line":82,"column":4},"end":{"line":87,"column":5}},"type":"if","locations":[{"start":{"line":82,"column":4},"end":{"line":87,"column":5}},{"start":{},"end":{}}]},"7":{"loc":{"start":{"line":82,"column":8},"end":{"line":82,"column":64}},"type":"binary-expr","locations":[{"start":{"line":82,"column":8},"end":{"line":82,"column":25}},{"start":{"line":82,"column":29},"end":{"line":82,"column":64}}]},"8":{"loc":{"start":{"line":84,"column":6},"end":{"line":86,"column":7}},"type":"if","locations":[{"start":{"line":84,"column":6},"end":{"line":86,"column":7}},{"start":{},"end":{}}]},"9":{"loc":{"start":{"line":90,"column":4},"end":{"line":92,"column":5}},"type":"if","locations":[{"start":{"line":90,"column":4},"end":{"line":92,"column":5}},{"start":{},"end":{}}]},"10":{"loc":{"start":{"line":105,"column":4},"end":{"line":107,"column":5}},"type":"if","locations":[{"start":{"line":105,"column":4},"end":{"line":107,"column":5}},{"start":{},"end":{}}]},"11":{"loc":{"start":{"line":11,"column":37},"end":{"line":11,"column":53}},"type":"cond-expr","locations":[{"start":{"line":11,"column":47},"end":{"line":11,"column":53}},{"start":{"line":11,"column":47},"end":{"line":11,"column":53}}]},"12":{"loc":{"start":{"line":11,"column":37},"end":{"line":11,"column":47}},"type":"binary-expr","locations":[{"start":{"line":11,"column":37},"end":{"line":11,"column":53}},{"start":{"line":11,"column":37},"end":{"line":11,"column":47}}]}},"s":{"0":1,"1":1,"2":1,"3":1,"4":1,"5":1,"6":0,"7":0,"8":0,"9":0,"10":0,"11":0,"12":0,"13":0,"14":0,"15":0,"16":0,"17":0,"18":0,"19":0,"20":0,"21":0,"22":0,"23":0,"24":0,"25":0,"26":0,"27":0,"28":0,"29":0,"30":0,"31":0,"32":0,"33":0,"34":0,"35":0,"36":0,"37":0,"38":0,"39":0,"40":0,"41":0,"42":0,"43":0,"44":0,"45":0,"46":0,"47":0,"48":0,"49":0,"50":0,"51":1,"52":1},"f":{"0":0,"1":0,"2":0,"3":0,"4":0,"5":0,"6":0,"7":0,"8":0},"b":{"0":[0,0],"1":[0,0],"2":[0,0],"3":[0,0],"4":[0,0],"5":[0,0],"6":[0,0],"7":[0,0],"8":[0,0],"9":[0,0],"10":[0,0],"11":[1,0],"12":[1,1]}}
}
